#
# A fatal error has been detected by the Java Runtime Environment:
#
#  SIGSEGV (0xb) at pc=0x000000010d07238d, pid=86724, tid=36915
#
# JRE version: OpenJDK Runtime Environment Temurin-17.0.4.1+1 (17.0.4.1+1) (build 17.0.4.1+1)
# Java VM: OpenJDK 64-Bit Server VM Temurin-17.0.4.1+1 (17.0.4.1+1, mixed mode, tiered, compressed oops, compressed class ptrs, g1 gc, bsd-amd64)
# Problematic frame:
# V  [libjvm.dylib+0xa5438d]  _ZNK6Symbol11as_C_stringEv+0xd
#
# No core dump will be written. Core dumps have been disabled. To enable core dumping, try "ulimit -c unlimited" before starting Java again
#
# If you would like to submit a bug report, please visit:
#   https://github.com/adoptium/adoptium-support/issues
#

---------------  S U M M A R Y ------------

Command Line: -XX:+ShowCodeDetailsInExceptionMessages -agentlib:jdwp=transport=dt_socket,suspend=y,address=localhost:61248 -ea -javaagent:/Users/petercollins/java-2022-09/Eclipse.app/Contents/Eclipse/configuration/org.eclipse.osgi/220/0/.cp/lib/javaagent-shaded.jar -Dfile.encoding=UTF-8 org.eclipse.jdt.internal.junit.runner.RemoteTestRunner -version 3 -port 61247 -testLoaderClass org.eclipse.jdt.internal.junit5.runner.JUnit5TestLoader -loaderpluginname org.eclipse.jdt.junit5.runtime -classNames edu.iastate.cs228.hw3.Tests

Host: "MacBookPro18,3" x86_64 (EMULATED) 2400 MHz, 10 cores, 16G, Darwin 21.4.0, macOS 10.16 (21E230)
Time: Mon Apr 10 19:21:24 2023 CDT elapsed time: 294.961521 seconds (0d 0h 4m 54s)

---------------  T H R E A D  ---------------

Current thread (0x00007fec8b851600):  JavaThread "JDWP Transport Listener: dt_socket" daemon [_thread_in_vm, id=36915, stack(0x000000030b294000,0x000000030b394000)]

Stack: [0x000000030b294000,0x000000030b394000],  sp=0x000000030b393a70,  free space=1022k
Native frames: (J=compiled Java code, j=interpreted, Vv=VM code, C=native code)
V  [libjvm.dylib+0xa5438d]  _ZNK6Symbol11as_C_stringEv+0xd
V  [libjvm.dylib+0x6cd7a2]  _ZN8JvmtiEnv17GetClassSignatureEP7oopDescPPcS3_+0x152
V  [libjvm.dylib+0x68bab4]  _ZL23jvmti_GetClassSignatureP9_jvmtiEnvP7_jclassPPcS4_+0x154
C  [libjdwp.dylib+0x2b72a]  classSignature+0x7a
C  [libjdwp.dylib+0xb84f]  allClasses1+0x13f
C  [libjdwp.dylib+0xb3b4]  allClassesWithGeneric+0x14
C  [libjdwp.dylib+0x112c9]  debugLoop_run+0x1f9
C  [libjdwp.dylib+0x25eb6]  attachThread+0x76
V  [libjvm.dylib+0x6e6de1]  _ZN16JvmtiAgentThread19call_start_functionEv+0x81
V  [libjvm.dylib+0xaa3acf]  _ZN10JavaThread17thread_main_innerEv+0x14f
V  [libjvm.dylib+0xaa1e4a]  _ZN6Thread8call_runEv+0x11a
V  [libjvm.dylib+0x8ae6db]  _ZL19thread_native_entryP6Thread+0x14b
C  [libsystem_pthread.dylib+0x64e1]  _pthread_start+0x7d
C  [libsystem_pthread.dylib+0x1f6b]  thread_start+0xf


siginfo: si_signo: 11 (SIGSEGV), si_code: 1 (SEGV_MAPERR), si_addr: 0x0000000000850005

Register to memory mapping:

RAX=0x000000012f4899c0 is pointing into metadata
RBX=0x0000000000850001 is an unknown value
RCX=0x0000000000000084 is an unknown value
RDX=0x0000000000000003 is an unknown value
RSP=0x000000030b393a70 is pointing into the stack for thread: 0x00007fec8b851600
RBP=0x000000030b393a90 is pointing into the stack for thread: 0x00007fec8b851600
RSI=0x00007fec8a80a3f0 points into unknown readable memory: 0x7361692f7564654c | 4c 65 64 75 2f 69 61 73
RDI=0x0000000000850001 is an unknown value
R8 =0x0000b37872ec2c00 is an unknown value
R9 =0x0000000000000010 is an unknown value
R10=0x00000000000007fb is an unknown value
R11=0x00000000000000ff is an unknown value
R12=0x0000600000c58c00 points into unknown readable memory: 0x0000000000000002 | 02 00 00 00 00 00 00 00
R13=0x00007fec8a80a788 points into unknown readable memory: 0x0000000000000000 | 00 00 00 00 00 00 00 00
R14=0x000000080018d8c0 is a pointer to class: 
edu.iastate.cs228.hw3.StoutList$StoutListIterator {0x000000080018d8c0}
 - instance size:     4
 - klass size:        97
 - access:            synchronized 
 - state:             fully_initialized
 - name:              'edu/iastate/cs228/hw3/StoutList$StoutListIterator'
 - super:             'java/lang/Object'
 - sub:               
 - arrays:            NULL
 - methods:           Array<T>(0x000000012f48ae18)
 - method ordering:   Array<T>(0x000000012f48bc50)
 - default_methods:   Array<T>(0x000000012f48a158)
 - default vtable indices:   Array<T>(0x000000012f48a168)
 - local interfaces:  Array<T>(0x000000012f48f278)
 - trans. interfaces: Array<T>(0x000000012f48ffe0)
 - constants:         constant pool [145] {0x000000012f4899c0} for 'edu/iastate/cs228/hw3/StoutList$StoutListIterator' cache=0x000000012f488800
 - class loader data:  loader data: 0x00006000033450e0 for instance a 'jdk/internal/loader/ClassLoaders$AppClassLoader'{0x000000070e824188}
 - source file:       'StoutList.java'
 - source debug extension:       SMAP
StoutList.java
Java
*S jdt
*F
1 StoutList.java
2 file:/Users/petercollins/eclipse-workspace/228%20hw3/bin/
*L
*E

 - class annotations:       Array<T>(0x0000000000000000)
 - class type annotations:  Array<T>(0x0000000000000000)
 - field annotations:       Array<T>(0x0000000000000000)
 - field type annotations:  Array<T>(0x0000000000000000)
 - generic signature: '
[error occurred during error reporting (printing register info), id 0xb, SIGSEGV (0xb) at pc=0x000000010d0737a2]

Registers:
RAX=0x000000012f4899c0, RBX=0x0000000000850001, RCX=0x0000000000000084, RDX=0x0000000000000003
RSP=0x000000030b393a70, RBP=0x000000030b393a90, RSI=0x00007fec8a80a3f0, RDI=0x0000000000850001
R8 =0x0000b37872ec2c00, R9 =0x0000000000000010, R10=0x00000000000007fb, R11=0x00000000000000ff
R12=0x0000600000c58c00, R13=0x00007fec8a80a788, R14=0x000000080018d8c0, R15=0x0000000000000000
RIP=0x000000010d07238d, EFLAGS=0x0000000000000203, ERR=0x0000000000000004
  TRAPNO=0x000000000000000e

Top of Stack: (sp=0x000000030b393a70)
0x000000030b393a70:   000000012f4899c0 0000600001722c00
0x000000030b393a80:   000000080018d8c0 0000000000000000
0x000000030b393a90:   000000030b393b00 000000010cceb7a2
0x000000030b393aa0:   00007fec8a80a3a0 00007fec8a80a3b0
0x000000030b393ab0:   00000000000003d8 000000030b393b78
0x000000030b393ac0:   000000030b393bd0 00007fec8a904080
0x000000030b393ad0:   00007fec8a80a788 000000030b393b78
0x000000030b393ae0:   00007fec8a904080 00007fec8b851600
0x000000030b393af0:   000000070f012f50 0000000000000015
0x000000030b393b00:   000000030b393b60 000000010cca9ab4
0x000000030b393b10:   00007fec8b851600 0000000000000000
0x000000030b393b20:   00007fec00000000 0000000000000000
0x000000030b393b30:   000000030b393bd0 00007fec69705428
0x000000030b393b40:   000000030b393bc8 000000030b393c88
0x000000030b393b50:   000000030b393bd0 00007fec69705428
0x000000030b393b60:   000000030b393ba0 000000010b5b172a
0x000000030b393b70:   000000030b393ba0 0000600001722c00
0x000000030b393b80:   00007fec69705428 0000000000000007
0x000000030b393b90:   0000000000000001 0000000000000024
0x000000030b393ba0:   000000030b393c10 000000010b59184f
0x000000030b393bb0:   0000000000000936 00007fec8b8518a8
0x000000030b393bc0:   0000000100000008 0000000000000000
0x000000030b393bd0:   0000000000000000 000009f20b591996
0x000000030b393be0:   00007fec8b930200 000000010b5913a0
0x000000030b393bf0:   000000010b5bc4d8 00006000002d8620
0x000000030b393c00:   000000030b393c88 000000030b393c30
0x000000030b393c10:   000000030b393c20 000000010b5913b4
0x000000030b393c20:   000000030b393e40 000000010b5972c9
0x000000030b393c30:   0000000000000000 0000000000000000
0x000000030b393c40:   00077d100000000b 000000010c140100
0x000000030b393c50:   0000000000000000 00006000002d8620
0x000000030b393c60:   000000010b5b5655 000000010b5b5625 

Instructions: (pc=0x000000010d07238d)
0x000000010d07228d:   c1 7c f0 eb 03 45 31 c0 42 c6 04 06 00 48 89 f0
0x000000010d07229d:   5d c3 4c 89 c1 48 83 e1 e0 48 8d 51 e0 48 89 d0
0x000000010d0722ad:   48 c1 e8 05 48 ff c0 41 89 c1 41 83 e1 03 48 83
0x000000010d0722bd:   fa 60 73 0c 31 c0 4d 85 c9 75 76 e9 9f 00 00 00
0x000000010d0722cd:   ba 01 00 00 00 48 29 c2 49 8d 54 11 ff 31 c0 0f
0x000000010d0722dd:   1f 40 00 0f 10 44 07 06 0f 10 4c 07 16 0f 11 04
0x000000010d0722ed:   06 0f 11 4c 06 10 0f 10 44 07 26 0f 10 4c 07 36
0x000000010d0722fd:   0f 11 44 06 20 0f 11 4c 06 30 0f 10 44 07 46 0f
0x000000010d07230d:   10 4c 07 56 0f 11 44 06 40 0f 11 4c 06 50 0f 10
0x000000010d07231d:   44 07 66 0f 10 4c 07 76 0f 11 44 06 60 0f 11 4c
0x000000010d07232d:   06 70 48 83 e8 80 48 83 c2 04 75 a7 4d 85 c9 74
0x000000010d07233d:   2e 49 f7 d9 66 2e 0f 1f 84 00 00 00 00 00 0f 1f
0x000000010d07234d:   44 00 00 0f 10 44 07 06 0f 10 4c 07 16 0f 11 04
0x000000010d07235d:   06 0f 11 4c 06 10 48 83 c0 20 49 ff c1 75 e4 4c
0x000000010d07236d:   39 c1 0f 85 0b ff ff ff e9 1b ff ff ff 66 0f 1f
0x000000010d07237d:   44 00 00 55 48 89 e5 41 57 41 56 53 50 48 89 fb
0x000000010d07238d:   44 0f b7 7f 04 49 8d 7f 01 45 31 f6 31 f6 e8 f0
0x000000010d07239d:   f6 ed ff 0f b7 4b 04 41 39 cf 41 0f 42 cf 85 c9
0x000000010d0723ad:   0f 8e 3d 01 00 00 41 89 ce 83 f9 01 41 b8 01 00
0x000000010d0723bd:   00 00 4d 0f 47 c6 49 83 f8 20 73 07 31 d2 e9 10
0x000000010d0723cd:   01 00 00 49 83 fe 01 b9 01 00 00 00 49 0f 47 ce
0x000000010d0723dd:   48 8d 54 0b 06 48 39 d0 73 16 48 89 c2 48 01 ca
0x000000010d0723ed:   48 8d 4b 06 48 39 d1 73 07 31 d2 e9 e3 00 00 00
0x000000010d0723fd:   44 89 c2 83 e2 e0 48 8d 7a e0 48 89 f9 48 c1 e9
0x000000010d07240d:   05 48 ff c1 89 ce 83 e6 03 48 83 ff 60 73 0c 31
0x000000010d07241d:   ff 48 85 f6 75 7b e9 a4 00 00 00 bf 01 00 00 00
0x000000010d07242d:   48 29 cf 48 8d 4c 3e ff 31 ff 66 0f 1f 84 00 00
0x000000010d07243d:   00 00 00 0f 10 44 3b 06 0f 10 4c 3b 16 0f 11 04
0x000000010d07244d:   38 0f 11 4c 38 10 0f 10 44 3b 26 0f 10 4c 3b 36
0x000000010d07245d:   0f 11 44 38 20 0f 11 4c 38 30 0f 10 44 3b 46 0f
0x000000010d07246d:   10 4c 3b 56 0f 11 44 38 40 0f 11 4c 38 50 0f 10
0x000000010d07247d:   44 3b 66 0f 10 4c 3b 76 0f 11 44 38 60 0f 11 4c 


Stack slot to memory mapping:
stack at sp + 0 slots: 0x000000012f4899c0 is pointing into metadata
stack at sp + 1 slots: 0x0000600001722c00 points into unknown readable memory: 0x7361692f7564654c | 4c 65 64 75 2f 69 61 73
stack at sp + 2 slots: 0x000000080018d8c0 is a pointer to class: 
edu.iastate.cs228.hw3.StoutList$StoutListIterator {0x000000080018d8c0}
 - instance size:     4
 - klass size:        97
 - access:            synchronized 
 - state:             fully_initialized
 - name:              'edu/iastate/cs228/hw3/StoutList$StoutListIterator'
 - super:             'java/lang/Object'
 - sub:               
 - arrays:            NULL
 - methods:           Array<T>(0x000000012f48ae18)
 - method ordering:   Array<T>(0x000000012f48bc50)
 - default_methods:   Array<T>(0x000000012f48a158)
 - default vtable indices:   Array<T>(0x000000012f48a168)
 - local interfaces:  Array<T>(0x000000012f48f278)
 - trans. interfaces: Array<T>(0x000000012f48ffe0)
 - constants:         constant pool [145] {0x000000012f4899c0} for 'edu/iastate/cs228/hw3/StoutList$StoutListIterator' cache=0x000000012f488800
 - class loader data:  loader data: 0x00006000033450e0 for instance a 'jdk/internal/loader/ClassLoaders$AppClassLoader'{0x000000070e824188}
 - source file:       'StoutList.java'
 - source debug extension:       SMAP
StoutList.java
Java
*S jdt
*F
1 StoutList.java
2 file:/Users/petercollins/eclipse-workspace/228%20hw3/bin/
*L
*E

 - class annotations:       Array<T>(0x0000000000000000)
 - class type annotations:  Array<T>(0x0000000000000000)
 - field annotations:       Array<T>(0x0000000000000000)
 - field type annotations:  Array<T>(0x0000000000000000)
 - generic signature: '
[error occurred during error reporting (inspecting top of stack), id 0xb, SIGSEGV (0xb) at pc=0x000000010d0737a2]


---------------  P R O C E S S  ---------------

Threads class SMR info:
_java_thread_list=0x000060000020dcc0, length=15, elements={
0x00007fec8b809400, 0x00007fec59808200, 0x00007fec5980fe00, 0x00007fec8a0ade00,
0x00007fec8a0aec00, 0x00007fec8b850a00, 0x00007fec8b851000, 0x00007fec8b846a00,
0x00007fec8b847000, 0x00007fec49808200, 0x00007fec8b851600, 0x00007fec8b038400,
0x00007fec69809a00, 0x00007fec8b84d600, 0x00007fec898b2600
}

Java Threads: ( => current thread )
  0x00007fec8b809400 JavaThread "main" [_thread_blocked, id=8451, stack(0x000000030a155000,0x000000030a255000)]
  0x00007fec59808200 JavaThread "Reference Handler" daemon [_thread_blocked, id=22599, stack(0x000000030a86a000,0x000000030a96a000)]
  0x00007fec5980fe00 JavaThread "Finalizer" daemon [_thread_blocked, id=22787, stack(0x000000030a96d000,0x000000030aa6d000)]
  0x00007fec8a0ade00 JavaThread "Signal Dispatcher" daemon [_thread_blocked, id=39939, stack(0x000000030ab7f000,0x000000030ac7f000)]
  0x00007fec8a0aec00 JavaThread "Service Thread" daemon [_thread_blocked, id=39683, stack(0x000000030ac82000,0x000000030ad82000)]
  0x00007fec8b850a00 JavaThread "Monitor Deflation Thread" daemon [_thread_blocked, id=24835, stack(0x000000030ad85000,0x000000030ae85000)]
  0x00007fec8b851000 JavaThread "C2 CompilerThread0" daemon [_thread_blocked, id=39171, stack(0x000000030ae88000,0x000000030af88000)]
  0x00007fec8b846a00 JavaThread "C1 CompilerThread0" daemon [_thread_blocked, id=25347, stack(0x000000030af8b000,0x000000030b08b000)]
  0x00007fec8b847000 JavaThread "Sweeper thread" daemon [_thread_blocked, id=38659, stack(0x000000030b08e000,0x000000030b18e000)]
  0x00007fec49808200 JavaThread "Common-Cleaner" daemon [_thread_blocked, id=26095, stack(0x000000030b191000,0x000000030b291000)]
=>0x00007fec8b851600 JavaThread "JDWP Transport Listener: dt_socket" daemon [_thread_in_vm, id=36915, stack(0x000000030b294000,0x000000030b394000)]
  0x00007fec8b038400 JavaThread "JDWP Event Helper Thread" daemon [_thread_blocked, id=36355, stack(0x000000030b397000,0x000000030b497000)]
  0x00007fec69809a00 JavaThread "JDWP Command Reader" daemon [_thread_in_native, id=26371, stack(0x000000030b49a000,0x000000030b59a000)]
  0x00007fec8b84d600 JavaThread "Notification Thread" daemon [_thread_blocked, id=27395, stack(0x000000030b59d000,0x000000030b69d000)]
  0x00007fec898b2600 JavaThread "ReaderThread" [_thread_in_native, id=28459, stack(0x000000030b7a3000,0x000000030b8a3000)]

Other Threads:
  0x00007fec8a909ea0 VMThread "VM Thread" [stack: 0x000000030a767000,0x000000030a867000] [id=22019]
  0x00007fec89705860 WatcherThread [stack: 0x000000030b6a0000,0x000000030b7a0000] [id=27907]
  0x00007fec8a907990 GCTaskThread "GC Thread#0" [stack: 0x000000030a258000,0x000000030a358000] [id=18691]
  0x00007fec89715610 GCTaskThread "GC Thread#1" [stack: 0x000000030b8a6000,0x000000030b9a6000] [id=28943]
  0x00007fec89715a80 GCTaskThread "GC Thread#2" [stack: 0x000000030b9a9000,0x000000030baa9000] [id=29443]
  0x00007fec8a934e60 GCTaskThread "GC Thread#3" [stack: 0x000000030baac000,0x000000030bbac000] [id=29955]
  0x00007fec8a9352d0 GCTaskThread "GC Thread#4" [stack: 0x000000030bbaf000,0x000000030bcaf000] [id=34819]
  0x00007fec8a935740 GCTaskThread "GC Thread#5" [stack: 0x000000030bcb2000,0x000000030bdb2000] [id=30467]
  0x00007fec89716330 GCTaskThread "GC Thread#6" [stack: 0x000000030bdb5000,0x000000030beb5000] [id=31247]
  0x00007fec8a8048e0 ConcurrentGCThread "G1 Main Marker" [stack: 0x000000030a35b000,0x000000030a45b000] [id=18179]
  0x00007fec8a805160 ConcurrentGCThread "G1 Conc#0" [stack: 0x000000030a45e000,0x000000030a55e000] [id=14339]
  0x00007fec8a907f40 ConcurrentGCThread "G1 Refine#0" [stack: 0x000000030a561000,0x000000030a661000] [id=14851]
  0x00007fec8a9087d0 ConcurrentGCThread "G1 Service" [stack: 0x000000030a664000,0x000000030a764000] [id=17411]

Threads with active compile tasks:

VM state: not at safepoint (normal execution)

VM Mutex/Monitor currently owned by a thread: None

Heap address: 0x0000000700000000, size: 4096 MB, Compressed Oops mode: Zero based, Oop shift amount: 3

CDS archive(s) not mapped
Compressed class space mapped at: 0x0000000800000000-0x0000000840000000, reserved size: 1073741824
Narrow klass base: 0x0000000800000000, Narrow klass shift: 0, Narrow klass range: 0x40000000

GC Precious Log:
 CPUs: 10 total, 10 available
 Memory: 16384M
 Large Page Support: Disabled
 NUMA Support: Disabled
 Compressed Oops: Enabled (Zero based)
 Heap Region Size: 2M
 Heap Min Capacity: 8M
 Heap Initial Capacity: 256M
 Heap Max Capacity: 4G
 Pre-touch: Disabled
 Parallel Workers: 9
 Concurrent Workers: 2
 Concurrent Refinement Workers: 9
 Periodic GC: Disabled

Heap:
 garbage-first heap   total 262144K, used 16768K [0x0000000700000000, 0x0000000800000000)
  region size 2048K, 10 young (20480K), 2 survivors (4096K)
 Metaspace       used 14892K, committed 15168K, reserved 1064960K
  class space    used 1521K, committed 1664K, reserved 1048576K

Heap Regions: E=young(eden), S=young(survivor), O=old, HS=humongous(starts), HC=humongous(continues), CS=collection set, F=free, OA=open archive, CA=closed archive, TAMS=top-at-mark-start (previous, next)
|   0|0x0000000700000000, 0x0000000700000000, 0x0000000700200000|  0%| F|  |TAMS 0x0000000700000000, 0x0000000700000000| Untracked 
|   1|0x0000000700200000, 0x0000000700200000, 0x0000000700400000|  0%| F|  |TAMS 0x0000000700200000, 0x0000000700200000| Untracked 
|   2|0x0000000700400000, 0x0000000700400000, 0x0000000700600000|  0%| F|  |TAMS 0x0000000700400000, 0x0000000700400000| Untracked 
|   3|0x0000000700600000, 0x0000000700600000, 0x0000000700800000|  0%| F|  |TAMS 0x0000000700600000, 0x0000000700600000| Untracked 
|   4|0x0000000700800000, 0x0000000700800000, 0x0000000700a00000|  0%| F|  |TAMS 0x0000000700800000, 0x0000000700800000| Untracked 
|   5|0x0000000700a00000, 0x0000000700a00000, 0x0000000700c00000|  0%| F|  |TAMS 0x0000000700a00000, 0x0000000700a00000| Untracked 
|   6|0x0000000700c00000, 0x0000000700c00000, 0x0000000700e00000|  0%| F|  |TAMS 0x0000000700c00000, 0x0000000700c00000| Untracked 
|   7|0x0000000700e00000, 0x0000000700e00000, 0x0000000701000000|  0%| F|  |TAMS 0x0000000700e00000, 0x0000000700e00000| Untracked 
|   8|0x0000000701000000, 0x0000000701000000, 0x0000000701200000|  0%| F|  |TAMS 0x0000000701000000, 0x0000000701000000| Untracked 
|   9|0x0000000701200000, 0x0000000701200000, 0x0000000701400000|  0%| F|  |TAMS 0x0000000701200000, 0x0000000701200000| Untracked 
|  10|0x0000000701400000, 0x0000000701400000, 0x0000000701600000|  0%| F|  |TAMS 0x0000000701400000, 0x0000000701400000| Untracked 
|  11|0x0000000701600000, 0x0000000701600000, 0x0000000701800000|  0%| F|  |TAMS 0x0000000701600000, 0x0000000701600000| Untracked 
|  12|0x0000000701800000, 0x0000000701800000, 0x0000000701a00000|  0%| F|  |TAMS 0x0000000701800000, 0x0000000701800000| Untracked 
|  13|0x0000000701a00000, 0x0000000701a00000, 0x0000000701c00000|  0%| F|  |TAMS 0x0000000701a00000, 0x0000000701a00000| Untracked 
|  14|0x0000000701c00000, 0x0000000701c00000, 0x0000000701e00000|  0%| F|  |TAMS 0x0000000701c00000, 0x0000000701c00000| Untracked 
|  15|0x0000000701e00000, 0x0000000701e00000, 0x0000000702000000|  0%| F|  |TAMS 0x0000000701e00000, 0x0000000701e00000| Untracked 
|  16|0x0000000702000000, 0x0000000702000000, 0x0000000702200000|  0%| F|  |TAMS 0x0000000702000000, 0x0000000702000000| Untracked 
|  17|0x0000000702200000, 0x0000000702200000, 0x0000000702400000|  0%| F|  |TAMS 0x0000000702200000, 0x0000000702200000| Untracked 
|  18|0x0000000702400000, 0x0000000702400000, 0x0000000702600000|  0%| F|  |TAMS 0x0000000702400000, 0x0000000702400000| Untracked 
|  19|0x0000000702600000, 0x0000000702600000, 0x0000000702800000|  0%| F|  |TAMS 0x0000000702600000, 0x0000000702600000| Untracked 
|  20|0x0000000702800000, 0x0000000702800000, 0x0000000702a00000|  0%| F|  |TAMS 0x0000000702800000, 0x0000000702800000| Untracked 
|  21|0x0000000702a00000, 0x0000000702a00000, 0x0000000702c00000|  0%| F|  |TAMS 0x0000000702a00000, 0x0000000702a00000| Untracked 
|  22|0x0000000702c00000, 0x0000000702c00000, 0x0000000702e00000|  0%| F|  |TAMS 0x0000000702c00000, 0x0000000702c00000| Untracked 
|  23|0x0000000702e00000, 0x0000000702e00000, 0x0000000703000000|  0%| F|  |TAMS 0x0000000702e00000, 0x0000000702e00000| Untracked 
|  24|0x0000000703000000, 0x0000000703000000, 0x0000000703200000|  0%| F|  |TAMS 0x0000000703000000, 0x0000000703000000| Untracked 
|  25|0x0000000703200000, 0x0000000703200000, 0x0000000703400000|  0%| F|  |TAMS 0x0000000703200000, 0x0000000703200000| Untracked 
|  26|0x0000000703400000, 0x0000000703400000, 0x0000000703600000|  0%| F|  |TAMS 0x0000000703400000, 0x0000000703400000| Untracked 
|  27|0x0000000703600000, 0x0000000703600000, 0x0000000703800000|  0%| F|  |TAMS 0x0000000703600000, 0x0000000703600000| Untracked 
|  28|0x0000000703800000, 0x0000000703800000, 0x0000000703a00000|  0%| F|  |TAMS 0x0000000703800000, 0x0000000703800000| Untracked 
|  29|0x0000000703a00000, 0x0000000703a00000, 0x0000000703c00000|  0%| F|  |TAMS 0x0000000703a00000, 0x0000000703a00000| Untracked 
|  30|0x0000000703c00000, 0x0000000703c00000, 0x0000000703e00000|  0%| F|  |TAMS 0x0000000703c00000, 0x0000000703c00000| Untracked 
|  31|0x0000000703e00000, 0x0000000703e00000, 0x0000000704000000|  0%| F|  |TAMS 0x0000000703e00000, 0x0000000703e00000| Untracked 
|  32|0x0000000704000000, 0x0000000704000000, 0x0000000704200000|  0%| F|  |TAMS 0x0000000704000000, 0x0000000704000000| Untracked 
|  33|0x0000000704200000, 0x0000000704200000, 0x0000000704400000|  0%| F|  |TAMS 0x0000000704200000, 0x0000000704200000| Untracked 
|  34|0x0000000704400000, 0x0000000704400000, 0x0000000704600000|  0%| F|  |TAMS 0x0000000704400000, 0x0000000704400000| Untracked 
|  35|0x0000000704600000, 0x0000000704600000, 0x0000000704800000|  0%| F|  |TAMS 0x0000000704600000, 0x0000000704600000| Untracked 
|  36|0x0000000704800000, 0x0000000704800000, 0x0000000704a00000|  0%| F|  |TAMS 0x0000000704800000, 0x0000000704800000| Untracked 
|  37|0x0000000704a00000, 0x0000000704a00000, 0x0000000704c00000|  0%| F|  |TAMS 0x0000000704a00000, 0x0000000704a00000| Untracked 
|  38|0x0000000704c00000, 0x0000000704c00000, 0x0000000704e00000|  0%| F|  |TAMS 0x0000000704c00000, 0x0000000704c00000| Untracked 
|  39|0x0000000704e00000, 0x0000000704e00000, 0x0000000705000000|  0%| F|  |TAMS 0x0000000704e00000, 0x0000000704e00000| Untracked 
|  40|0x0000000705000000, 0x0000000705000000, 0x0000000705200000|  0%| F|  |TAMS 0x0000000705000000, 0x0000000705000000| Untracked 
|  41|0x0000000705200000, 0x0000000705200000, 0x0000000705400000|  0%| F|  |TAMS 0x0000000705200000, 0x0000000705200000| Untracked 
|  42|0x0000000705400000, 0x0000000705400000, 0x0000000705600000|  0%| F|  |TAMS 0x0000000705400000, 0x0000000705400000| Untracked 
|  43|0x0000000705600000, 0x0000000705600000, 0x0000000705800000|  0%| F|  |TAMS 0x0000000705600000, 0x0000000705600000| Untracked 
|  44|0x0000000705800000, 0x0000000705800000, 0x0000000705a00000|  0%| F|  |TAMS 0x0000000705800000, 0x0000000705800000| Untracked 
|  45|0x0000000705a00000, 0x0000000705a00000, 0x0000000705c00000|  0%| F|  |TAMS 0x0000000705a00000, 0x0000000705a00000| Untracked 
|  46|0x0000000705c00000, 0x0000000705c00000, 0x0000000705e00000|  0%| F|  |TAMS 0x0000000705c00000, 0x0000000705c00000| Untracked 
|  47|0x0000000705e00000, 0x0000000705e00000, 0x0000000706000000|  0%| F|  |TAMS 0x0000000705e00000, 0x0000000705e00000| Untracked 
|  48|0x0000000706000000, 0x0000000706000000, 0x0000000706200000|  0%| F|  |TAMS 0x0000000706000000, 0x0000000706000000| Untracked 
|  49|0x0000000706200000, 0x0000000706200000, 0x0000000706400000|  0%| F|  |TAMS 0x0000000706200000, 0x0000000706200000| Untracked 
|  50|0x0000000706400000, 0x0000000706400000, 0x0000000706600000|  0%| F|  |TAMS 0x0000000706400000, 0x0000000706400000| Untracked 
|  51|0x0000000706600000, 0x0000000706600000, 0x0000000706800000|  0%| F|  |TAMS 0x0000000706600000, 0x0000000706600000| Untracked 
|  52|0x0000000706800000, 0x0000000706800000, 0x0000000706a00000|  0%| F|  |TAMS 0x0000000706800000, 0x0000000706800000| Untracked 
|  53|0x0000000706a00000, 0x0000000706a00000, 0x0000000706c00000|  0%| F|  |TAMS 0x0000000706a00000, 0x0000000706a00000| Untracked 
|  54|0x0000000706c00000, 0x0000000706c00000, 0x0000000706e00000|  0%| F|  |TAMS 0x0000000706c00000, 0x0000000706c00000| Untracked 
|  55|0x0000000706e00000, 0x0000000706e00000, 0x0000000707000000|  0%| F|  |TAMS 0x0000000706e00000, 0x0000000706e00000| Untracked 
|  56|0x0000000707000000, 0x0000000707000000, 0x0000000707200000|  0%| F|  |TAMS 0x0000000707000000, 0x0000000707000000| Untracked 
|  57|0x0000000707200000, 0x0000000707200000, 0x0000000707400000|  0%| F|  |TAMS 0x0000000707200000, 0x0000000707200000| Untracked 
|  58|0x0000000707400000, 0x0000000707400000, 0x0000000707600000|  0%| F|  |TAMS 0x0000000707400000, 0x0000000707400000| Untracked 
|  59|0x0000000707600000, 0x0000000707600000, 0x0000000707800000|  0%| F|  |TAMS 0x0000000707600000, 0x0000000707600000| Untracked 
|  60|0x0000000707800000, 0x0000000707800000, 0x0000000707a00000|  0%| F|  |TAMS 0x0000000707800000, 0x0000000707800000| Untracked 
|  61|0x0000000707a00000, 0x0000000707a00000, 0x0000000707c00000|  0%| F|  |TAMS 0x0000000707a00000, 0x0000000707a00000| Untracked 
|  62|0x0000000707c00000, 0x0000000707c00000, 0x0000000707e00000|  0%| F|  |TAMS 0x0000000707c00000, 0x0000000707c00000| Untracked 
|  63|0x0000000707e00000, 0x0000000707e00000, 0x0000000708000000|  0%| F|  |TAMS 0x0000000707e00000, 0x0000000707e00000| Untracked 
|  64|0x0000000708000000, 0x0000000708000000, 0x0000000708200000|  0%| F|  |TAMS 0x0000000708000000, 0x0000000708000000| Untracked 
|  65|0x0000000708200000, 0x0000000708200000, 0x0000000708400000|  0%| F|  |TAMS 0x0000000708200000, 0x0000000708200000| Untracked 
|  66|0x0000000708400000, 0x0000000708400000, 0x0000000708600000|  0%| F|  |TAMS 0x0000000708400000, 0x0000000708400000| Untracked 
|  67|0x0000000708600000, 0x0000000708600000, 0x0000000708800000|  0%| F|  |TAMS 0x0000000708600000, 0x0000000708600000| Untracked 
|  68|0x0000000708800000, 0x0000000708800000, 0x0000000708a00000|  0%| F|  |TAMS 0x0000000708800000, 0x0000000708800000| Untracked 
|  69|0x0000000708a00000, 0x0000000708a00000, 0x0000000708c00000|  0%| F|  |TAMS 0x0000000708a00000, 0x0000000708a00000| Untracked 
|  70|0x0000000708c00000, 0x0000000708c00000, 0x0000000708e00000|  0%| F|  |TAMS 0x0000000708c00000, 0x0000000708c00000| Untracked 
|  71|0x0000000708e00000, 0x0000000708e00000, 0x0000000709000000|  0%| F|  |TAMS 0x0000000708e00000, 0x0000000708e00000| Untracked 
|  72|0x0000000709000000, 0x0000000709000000, 0x0000000709200000|  0%| F|  |TAMS 0x0000000709000000, 0x0000000709000000| Untracked 
|  73|0x0000000709200000, 0x0000000709200000, 0x0000000709400000|  0%| F|  |TAMS 0x0000000709200000, 0x0000000709200000| Untracked 
|  74|0x0000000709400000, 0x0000000709400000, 0x0000000709600000|  0%| F|  |TAMS 0x0000000709400000, 0x0000000709400000| Untracked 
|  75|0x0000000709600000, 0x0000000709600000, 0x0000000709800000|  0%| F|  |TAMS 0x0000000709600000, 0x0000000709600000| Untracked 
|  76|0x0000000709800000, 0x0000000709800000, 0x0000000709a00000|  0%| F|  |TAMS 0x0000000709800000, 0x0000000709800000| Untracked 
|  77|0x0000000709a00000, 0x0000000709a00000, 0x0000000709c00000|  0%| F|  |TAMS 0x0000000709a00000, 0x0000000709a00000| Untracked 
|  78|0x0000000709c00000, 0x0000000709c00000, 0x0000000709e00000|  0%| F|  |TAMS 0x0000000709c00000, 0x0000000709c00000| Untracked 
|  79|0x0000000709e00000, 0x0000000709e00000, 0x000000070a000000|  0%| F|  |TAMS 0x0000000709e00000, 0x0000000709e00000| Untracked 
|  80|0x000000070a000000, 0x000000070a000000, 0x000000070a200000|  0%| F|  |TAMS 0x000000070a000000, 0x000000070a000000| Untracked 
|  81|0x000000070a200000, 0x000000070a200000, 0x000000070a400000|  0%| F|  |TAMS 0x000000070a200000, 0x000000070a200000| Untracked 
|  82|0x000000070a400000, 0x000000070a400000, 0x000000070a600000|  0%| F|  |TAMS 0x000000070a400000, 0x000000070a400000| Untracked 
|  83|0x000000070a600000, 0x000000070a600000, 0x000000070a800000|  0%| F|  |TAMS 0x000000070a600000, 0x000000070a600000| Untracked 
|  84|0x000000070a800000, 0x000000070a800000, 0x000000070aa00000|  0%| F|  |TAMS 0x000000070a800000, 0x000000070a800000| Untracked 
|  85|0x000000070aa00000, 0x000000070aa00000, 0x000000070ac00000|  0%| F|  |TAMS 0x000000070aa00000, 0x000000070aa00000| Untracked 
|  86|0x000000070ac00000, 0x000000070ac00000, 0x000000070ae00000|  0%| F|  |TAMS 0x000000070ac00000, 0x000000070ac00000| Untracked 
|  87|0x000000070ae00000, 0x000000070ae00000, 0x000000070b000000|  0%| F|  |TAMS 0x000000070ae00000, 0x000000070ae00000| Untracked 
|  88|0x000000070b000000, 0x000000070b000000, 0x000000070b200000|  0%| F|  |TAMS 0x000000070b000000, 0x000000070b000000| Untracked 
|  89|0x000000070b200000, 0x000000070b200000, 0x000000070b400000|  0%| F|  |TAMS 0x000000070b200000, 0x000000070b200000| Untracked 
|  90|0x000000070b400000, 0x000000070b400000, 0x000000070b600000|  0%| F|  |TAMS 0x000000070b400000, 0x000000070b400000| Untracked 
|  91|0x000000070b600000, 0x000000070b600000, 0x000000070b800000|  0%| F|  |TAMS 0x000000070b600000, 0x000000070b600000| Untracked 
|  92|0x000000070b800000, 0x000000070b800000, 0x000000070ba00000|  0%| F|  |TAMS 0x000000070b800000, 0x000000070b800000| Untracked 
|  93|0x000000070ba00000, 0x000000070ba00000, 0x000000070bc00000|  0%| F|  |TAMS 0x000000070ba00000, 0x000000070ba00000| Untracked 
|  94|0x000000070bc00000, 0x000000070bc00000, 0x000000070be00000|  0%| F|  |TAMS 0x000000070bc00000, 0x000000070bc00000| Untracked 
|  95|0x000000070be00000, 0x000000070be00000, 0x000000070c000000|  0%| F|  |TAMS 0x000000070be00000, 0x000000070be00000| Untracked 
|  96|0x000000070c000000, 0x000000070c000000, 0x000000070c200000|  0%| F|  |TAMS 0x000000070c000000, 0x000000070c000000| Untracked 
|  97|0x000000070c200000, 0x000000070c200000, 0x000000070c400000|  0%| F|  |TAMS 0x000000070c200000, 0x000000070c200000| Untracked 
|  98|0x000000070c400000, 0x000000070c400000, 0x000000070c600000|  0%| F|  |TAMS 0x000000070c400000, 0x000000070c400000| Untracked 
|  99|0x000000070c600000, 0x000000070c600000, 0x000000070c800000|  0%| F|  |TAMS 0x000000070c600000, 0x000000070c600000| Untracked 
| 100|0x000000070c800000, 0x000000070c800000, 0x000000070ca00000|  0%| F|  |TAMS 0x000000070c800000, 0x000000070c800000| Untracked 
| 101|0x000000070ca00000, 0x000000070ca00000, 0x000000070cc00000|  0%| F|  |TAMS 0x000000070ca00000, 0x000000070ca00000| Untracked 
| 102|0x000000070cc00000, 0x000000070cc00000, 0x000000070ce00000|  0%| F|  |TAMS 0x000000070cc00000, 0x000000070cc00000| Untracked 
| 103|0x000000070ce00000, 0x000000070ce00000, 0x000000070d000000|  0%| F|  |TAMS 0x000000070ce00000, 0x000000070ce00000| Untracked 
| 104|0x000000070d000000, 0x000000070d000000, 0x000000070d200000|  0%| F|  |TAMS 0x000000070d000000, 0x000000070d000000| Untracked 
| 105|0x000000070d200000, 0x000000070d200000, 0x000000070d400000|  0%| F|  |TAMS 0x000000070d200000, 0x000000070d200000| Untracked 
| 106|0x000000070d400000, 0x000000070d400000, 0x000000070d600000|  0%| F|  |TAMS 0x000000070d400000, 0x000000070d400000| Untracked 
| 107|0x000000070d600000, 0x000000070d600000, 0x000000070d800000|  0%| F|  |TAMS 0x000000070d600000, 0x000000070d600000| Untracked 
| 108|0x000000070d800000, 0x000000070d800000, 0x000000070da00000|  0%| F|  |TAMS 0x000000070d800000, 0x000000070d800000| Untracked 
| 109|0x000000070da00000, 0x000000070da00000, 0x000000070dc00000|  0%| F|  |TAMS 0x000000070da00000, 0x000000070da00000| Untracked 
| 110|0x000000070dc00000, 0x000000070dc00000, 0x000000070de00000|  0%| F|  |TAMS 0x000000070dc00000, 0x000000070dc00000| Untracked 
| 111|0x000000070de00000, 0x000000070de00000, 0x000000070e000000|  0%| F|  |TAMS 0x000000070de00000, 0x000000070de00000| Untracked 
| 112|0x000000070e000000, 0x000000070e000000, 0x000000070e200000|  0%| F|  |TAMS 0x000000070e000000, 0x000000070e000000| Untracked 
| 113|0x000000070e200000, 0x000000070e200000, 0x000000070e400000|  0%| F|  |TAMS 0x000000070e200000, 0x000000070e200000| Untracked 
| 114|0x000000070e400000, 0x000000070e400000, 0x000000070e600000|  0%| F|  |TAMS 0x000000070e400000, 0x000000070e400000| Untracked 
| 115|0x000000070e600000, 0x000000070e660000, 0x000000070e800000| 18%| S|CS|TAMS 0x000000070e600000, 0x000000070e600000| Complete 
| 116|0x000000070e800000, 0x000000070ea00000, 0x000000070ea00000|100%| S|CS|TAMS 0x000000070e800000, 0x000000070e800000| Complete 
| 117|0x000000070ea00000, 0x000000070ea00000, 0x000000070ec00000|  0%| F|  |TAMS 0x000000070ea00000, 0x000000070ea00000| Untracked 
| 118|0x000000070ec00000, 0x000000070ec00000, 0x000000070ee00000|  0%| F|  |TAMS 0x000000070ec00000, 0x000000070ec00000| Untracked 
| 119|0x000000070ee00000, 0x000000070ee00000, 0x000000070f000000|  0%| F|  |TAMS 0x000000070ee00000, 0x000000070ee00000| Untracked 
| 120|0x000000070f000000, 0x000000070f11b460, 0x000000070f200000| 55%| E|  |TAMS 0x000000070f000000, 0x000000070f000000| Complete 
| 121|0x000000070f200000, 0x000000070f400000, 0x000000070f400000|100%| E|CS|TAMS 0x000000070f200000, 0x000000070f200000| Complete 
| 122|0x000000070f400000, 0x000000070f600000, 0x000000070f600000|100%| E|CS|TAMS 0x000000070f400000, 0x000000070f400000| Complete 
| 123|0x000000070f600000, 0x000000070f800000, 0x000000070f800000|100%| E|CS|TAMS 0x000000070f600000, 0x000000070f600000| Complete 
| 124|0x000000070f800000, 0x000000070fa00000, 0x000000070fa00000|100%| E|CS|TAMS 0x000000070f800000, 0x000000070f800000| Complete 
| 125|0x000000070fa00000, 0x000000070fc00000, 0x000000070fc00000|100%| E|CS|TAMS 0x000000070fa00000, 0x000000070fa00000| Complete 
| 126|0x000000070fc00000, 0x000000070fe00000, 0x000000070fe00000|100%| E|CS|TAMS 0x000000070fc00000, 0x000000070fc00000| Complete 
| 127|0x000000070fe00000, 0x0000000710000000, 0x0000000710000000|100%| E|CS|TAMS 0x000000070fe00000, 0x000000070fe00000| Complete 

Card table byte_map: [0x0000000121709000,0x0000000121f09000] _byte_map_base: 0x000000011df09000

Marking Bits (Prev, Next): (CMBitMap*) 0x00007fec8a014610, (CMBitMap*) 0x00007fec8a014650
 Prev Bits: [0x0000000122709000, 0x0000000126709000)
 Next Bits: [0x0000000126709000, 0x000000012a709000)

Polling page: 0x0000000102e58000

Metaspace:

Usage:
  Non-class:     13.06 MB used.
      Class:      1.49 MB used.
       Both:     14.54 MB used.

Virtual space:
  Non-class space:       16.00 MB reserved,      13.19 MB ( 82%) committed,  2 nodes.
      Class space:        1.00 GB reserved,       1.62 MB ( <1%) committed,  1 nodes.
             Both:        1.02 GB reserved,      14.81 MB (  1%) committed. 

Chunk freelists:
   Non-Class:  2.41 MB
       Class:  2.42 MB
        Both:  4.83 MB

MaxMetaspaceSize: unlimited
CompressedClassSpaceSize: 1.00 GB
Initial GC threshold: 21.00 MB
Current GC threshold: 21.00 MB
CDS: off
MetaspaceReclaimPolicy: balanced
 - commit_granule_bytes: 65536.
 - commit_granule_words: 8192.
 - virtual_space_node_default_size: 1048576.
 - enlarge_chunks_in_place: 1.
 - new_chunks_are_fully_committed: 0.
 - uncommit_free_chunks: 1.
 - use_allocation_guard: 0.
 - handle_deallocations: 1.


Internal statistics:

num_allocs_failed_limit: 0.
num_arena_births: 76.
num_arena_deaths: 0.
num_vsnodes_births: 3.
num_vsnodes_deaths: 0.
num_space_committed: 237.
num_space_uncommitted: 0.
num_chunks_returned_to_freelist: 0.
num_chunks_taken_from_freelist: 286.
num_chunk_merges: 0.
num_chunk_splits: 144.
num_chunks_enlarged: 91.
num_purges: 0.
num_inconsistent_stats: 0.

CodeHeap 'non-profiled nmethods': size=120028Kb used=413Kb max_used=413Kb free=119614Kb
 bounds [0x000000011a1d2000, 0x000000011a442000, 0x0000000121709000]
CodeHeap 'profiled nmethods': size=120028Kb used=2791Kb max_used=2791Kb free=117236Kb
 bounds [0x0000000112c9b000, 0x0000000112f5b000, 0x000000011a1d2000]
CodeHeap 'non-nmethods': size=5704Kb used=1204Kb max_used=1222Kb free=4500Kb
 bounds [0x0000000112709000, 0x0000000112979000, 0x0000000112c9b000]
 total_blobs=1800 nmethods=1355 adapters=360
 compilation: enabled
              stopped_count=0, restarted_count=0
 full_count=0

Compilation events (20 events):
Event: 1.202 Thread 0x00007fec8b846a00 1346       3       java.util.jar.Manifest::getTrustedAttributes (57 bytes)
Event: 1.203 Thread 0x00007fec8b846a00 nmethod 1346 0x0000000112f4dd90 code [0x0000000112f4e000, 0x0000000112f4e990]
Event: 1.207 Thread 0x00007fec8b846a00 1347       3       java.util.ArrayList::isEmpty (13 bytes)
Event: 1.208 Thread 0x00007fec8b846a00 nmethod 1347 0x0000000112f4ed10 code [0x0000000112f4eea0, 0x0000000112f4f010]
Event: 1.209 Thread 0x00007fec8b846a00 1348       3       java.lang.invoke.MethodHandles$Lookup::findBoundCallerLookup (30 bytes)
Event: 1.209 Thread 0x00007fec8b846a00 nmethod 1348 0x0000000112f4f090 code [0x0000000112f4f2c0, 0x0000000112f4fa70]
Event: 1.209 Thread 0x00007fec8b846a00 1349       3       java.lang.invoke.MethodHandles$Lookup::getDirectMethodCommon (280 bytes)
Event: 1.210 Thread 0x00007fec8b846a00 nmethod 1349 0x0000000112f4fd10 code [0x0000000112f50040, 0x0000000112f51110]
Event: 1.210 Thread 0x00007fec8b846a00 1350       3       java.lang.invoke.MethodHandles$Lookup::maybeBindCaller (72 bytes)
Event: 1.210 Thread 0x00007fec8b846a00 nmethod 1350 0x0000000112f51790 code [0x0000000112f519e0, 0x0000000112f522c0]
Event: 1.210 Thread 0x00007fec8b846a00 1351       3       org.junit.platform.commons.util.StringUtils::isNotBlank (13 bytes)
Event: 1.211 Thread 0x00007fec8b846a00 nmethod 1351 0x0000000112f52610 code [0x0000000112f527e0, 0x0000000112f52b20]
Event: 1.211 Thread 0x00007fec8b846a00 1352       3       org.junit.platform.commons.util.StringUtils::isBlank (20 bytes)
Event: 1.211 Thread 0x00007fec8b851000 1353       4       java.nio.Buffer::scope (17 bytes)
Event: 1.211 Thread 0x00007fec8b846a00 nmethod 1352 0x0000000112f52c90 code [0x0000000112f52e80, 0x0000000112f53310]
Event: 1.211 Thread 0x00007fec8b851000 nmethod 1353 0x000000011a239390 code [0x000000011a239520, 0x000000011a2395b8]
Event: 1.211 Thread 0x00007fec8b846a00 1354       3       java.util.regex.Pattern$CharPropertyGreedy::match (160 bytes)
Event: 1.211 Thread 0x00007fec8b846a00 nmethod 1354 0x0000000112f53490 code [0x0000000112f536e0, 0x0000000112f540c0]
Event: 60.874 Thread 0x00007fec8b846a00 1355       3       java.lang.ref.ReferenceQueue::reallyPoll (65 bytes)
Event: 60.875 Thread 0x00007fec8b846a00 nmethod 1355 0x0000000112f54490 code [0x0000000112f54660, 0x0000000112f54bb0]

GC Heap History (2 events):
Event: 0.856 GC heap before
{Heap before GC invocations=0 (full 0):
 garbage-first heap   total 262144K, used 22528K [0x0000000700000000, 0x0000000800000000)
  region size 2048K, 11 young (22528K), 0 survivors (0K)
 Metaspace       used 12527K, committed 12672K, reserved 1064960K
  class space    used 1196K, committed 1280K, reserved 1048576K
}
Event: 0.867 GC heap after
{Heap after GC invocations=1 (full 0):
 garbage-first heap   total 262144K, used 2432K [0x0000000700000000, 0x0000000800000000)
  region size 2048K, 2 young (4096K), 2 survivors (4096K)
 Metaspace       used 12527K, committed 12672K, reserved 1064960K
  class space    used 1196K, committed 1280K, reserved 1048576K
}

Deoptimization events (20 events):
Event: 0.462 Thread 0x00007fec8b809400 DEOPT PACKING pc=0x0000000112cd85f8 sp=0x000000030a253ef0
Event: 0.462 Thread 0x00007fec8b809400 DEOPT UNPACKING pc=0x000000011275b810 sp=0x000000030a253370 mode 0
Event: 0.779 Thread 0x00007fec8b809400 DEOPT PACKING pc=0x0000000112cf183f sp=0x000000030a251c70
Event: 0.779 Thread 0x00007fec8b809400 DEOPT UNPACKING pc=0x000000011275b810 sp=0x000000030a251170 mode 0
Event: 0.780 Thread 0x00007fec8b809400 DEOPT PACKING pc=0x0000000112cd8c55 sp=0x000000030a251d00
Event: 0.780 Thread 0x00007fec8b809400 DEOPT UNPACKING pc=0x000000011275b810 sp=0x000000030a2511c0 mode 0
Event: 0.780 Thread 0x00007fec8b809400 DEOPT PACKING pc=0x0000000112cd8c55 sp=0x000000030a251cb0
Event: 0.780 Thread 0x00007fec8b809400 DEOPT UNPACKING pc=0x000000011275b810 sp=0x000000030a251170 mode 0
Event: 0.780 Thread 0x00007fec8b809400 DEOPT PACKING pc=0x0000000112cd8c55 sp=0x000000030a251cb0
Event: 0.780 Thread 0x00007fec8b809400 DEOPT UNPACKING pc=0x000000011275b810 sp=0x000000030a251170 mode 0
Event: 0.780 Thread 0x00007fec8b809400 DEOPT PACKING pc=0x0000000112cd8c55 sp=0x000000030a251cb0
Event: 0.780 Thread 0x00007fec8b809400 DEOPT UNPACKING pc=0x000000011275b810 sp=0x000000030a251170 mode 0
Event: 0.781 Thread 0x00007fec8b809400 DEOPT PACKING pc=0x0000000112cd8c55 sp=0x000000030a251cb0
Event: 0.781 Thread 0x00007fec8b809400 DEOPT UNPACKING pc=0x000000011275b810 sp=0x000000030a251170 mode 0
Event: 0.827 Thread 0x00007fec8b809400 Uncommon trap: trap_request=0xffffff45 fr.pc=0x000000011a20d094 relative=0x00000000000000f4
Event: 0.827 Thread 0x00007fec8b809400 Uncommon trap: reason=unstable_if action=reinterpret pc=0x000000011a20d094 method=org.eclipse.jdt.launching.internal.org.objectweb.asm.ByteVector.putShort(I)Lorg/eclipse/jdt/launching/internal/org/objectweb/asm/ByteVector; @ 13 c2
Event: 0.827 Thread 0x00007fec8b809400 DEOPT PACKING pc=0x000000011a20d094 sp=0x000000030a251800
Event: 0.827 Thread 0x00007fec8b809400 DEOPT UNPACKING pc=0x000000011275b093 sp=0x000000030a2517a8 mode 2
Event: 0.961 Thread 0x00007fec8b809400 DEOPT PACKING pc=0x0000000112de425f sp=0x000000030a250d60
Event: 0.961 Thread 0x00007fec8b809400 DEOPT UNPACKING pc=0x000000011275b810 sp=0x000000030a2502c8 mode 0

Classes unloaded (0 events):
No events

Classes redefined (4 events):
Event: 87.140 Thread 0x00007fec8a909ea0 redefined class name=edu.iastate.cs228.hw3.StoutList$StoutListIterator, count=1
Event: 87.140 Thread 0x00007fec8a909ea0 redefined class name=edu.iastate.cs228.hw3.StoutList, count=1
Event: 87.140 Thread 0x00007fec8a909ea0 redefined class name=edu.iastate.cs228.hw3.StoutList$Node, count=1
Event: 87.140 Thread 0x00007fec8a909ea0 redefined class name=edu.iastate.cs228.hw3.StoutList$NodeInfo, count=1

Internal exceptions (20 events):
Event: 0.716 Thread 0x00007fec8b809400 Exception <a 'java/lang/NoSuchMethodError'{0x000000070efb4fa0}: 'java.lang.Object java.lang.invoke.DirectMethodHandle$Holder.invokeStaticInit(java.lang.Object, java.lang.Object, java.lang.Object)'> (0x000000070efb4fa0) 
thrown [src/hotspot/share/interpreter/linkResolver.cpp, line 759]
Event: 0.716 Thread 0x00007fec8b809400 Exception <a 'java/lang/NoSuchMethodError'{0x000000070efbc1d8}: 'void java.lang.invoke.DirectMethodHandle$Holder.invokeStaticInit(java.lang.Object, java.lang.Object, java.lang.Object)'> (0x000000070efbc1d8) 
thrown [src/hotspot/share/interpreter/linkResolver.cpp, line 759]
Event: 0.753 Thread 0x00007fec8b809400 Exception <a 'java/lang/NoSuchMethodError'{0x000000070ec6d0a8}: 'java.lang.Object java.lang.invoke.DirectMethodHandle$Holder.newInvokeSpecial(java.lang.Object, java.lang.Object, java.lang.Object, java.lang.Object, java.lang.Object)'> (0x000000070ec6d0a8) 
thrown [src/hotspot/share/interpreter/linkResolver.cpp, line 759]
Event: 0.820 Thread 0x00007fec8b809400 Exception <a 'java/lang/NoSuchMethodError'{0x000000070ea1b9b0}: 'void java.lang.invoke.DirectMethodHandle$Holder.invokeInterface(java.lang.Object, java.lang.Object, java.lang.Object)'> (0x000000070ea1b9b0) 
thrown [src/hotspot/share/interpreter/linkResolver.cpp, line 759]
Event: 0.822 Thread 0x00007fec8b809400 Exception <a 'java/lang/IncompatibleClassChangeError'{0x000000070ea1f018}: Found class java.lang.Object, but interface was expected> (0x000000070ea1f018) 
thrown [src/hotspot/share/interpreter/linkResolver.cpp, line 826]
Event: 0.838 Thread 0x00007fec8b809400 Exception <a 'java/lang/NoSuchMethodError'{0x000000070eaffd30}: 'java.lang.Object java.lang.invoke.DirectMethodHandle$Holder.invokeStatic(java.lang.Object, java.lang.Object, int)'> (0x000000070eaffd30) 
thrown [src/hotspot/share/interpreter/linkResolver.cpp, line 759]
Event: 0.968 Thread 0x00007fec8b809400 Exception <a 'java/lang/NoSuchMethodError'{0x000000070fde39b0}: 'java.lang.Object java.lang.invoke.DirectMethodHandle$Holder.invokeInterface(java.lang.Object, java.lang.Object)'> (0x000000070fde39b0) 
thrown [src/hotspot/share/interpreter/linkResolver.cpp, line 759]
Event: 0.968 Thread 0x00007fec8b809400 Exception <a 'java/lang/IncompatibleClassChangeError'{0x000000070fde7450}: Found class java.lang.Object, but interface was expected> (0x000000070fde7450) 
thrown [src/hotspot/share/interpreter/linkResolver.cpp, line 826]
Event: 1.021 Thread 0x00007fec8b809400 Exception <a 'java/lang/NoSuchMethodError'{0x000000070fbc6eb8}: 'java.lang.Object java.lang.invoke.DirectMethodHandle$Holder.invokeSpecialIFC(java.lang.Object, java.lang.Object, java.lang.Object, java.lang.Object)'> (0x000000070fbc6eb8) 
thrown [src/hotspot/share/interpreter/linkResolver.cpp, line 759]
Event: 1.037 Thread 0x00007fec8b809400 Exception <a 'java/lang/NoSuchMethodError'{0x000000070f8683c0}: 'int java.lang.invoke.DirectMethodHandle$Holder.invokeStatic(java.lang.Object, java.lang.Object, java.lang.Object, java.lang.Object)'> (0x000000070f8683c0) 
thrown [src/hotspot/share/interpreter/linkResolver.cpp, line 759]
Event: 1.046 Thread 0x00007fec8b809400 Exception <a 'java/lang/NoSuchMethodError'{0x000000070f8b72f0}: 'void java.lang.invoke.DirectMethodHandle$Holder.invokeSpecial(java.lang.Object, java.lang.Object, java.lang.Object, java.lang.Object, java.lang.Object)'> (0x000000070f8b72f0) 
thrown [src/hotspot/share/interpreter/linkResolver.cpp, line 759]
Event: 1.071 Thread 0x00007fec8b809400 Exception <a 'java/lang/NoSuchMethodError'{0x000000070f973768}: 'java.lang.Object java.lang.invoke.DirectMethodHandle$Holder.newInvokeSpecial(java.lang.Object, java.lang.Object, int)'> (0x000000070f973768) 
thrown [src/hotspot/share/interpreter/linkResolver.cpp, line 759]
Event: 1.086 Thread 0x00007fec8b809400 Exception <a 'java/lang/NoSuchMethodError'{0x000000070f9f5850}: 'void java.lang.invoke.DirectMethodHandle$Holder.invokeInterface(java.lang.Object, java.lang.Object, java.lang.Object, java.lang.Object)'> (0x000000070f9f5850) 
thrown [src/hotspot/share/interpreter/linkResolver.cpp, line 759]
Event: 1.088 Thread 0x00007fec8b809400 Exception <a 'java/lang/IncompatibleClassChangeError'{0x000000070f9f9178}: Found class java.lang.Object, but interface was expected> (0x000000070f9f9178) 
thrown [src/hotspot/share/interpreter/linkResolver.cpp, line 826]
Event: 1.094 Thread 0x00007fec8b809400 Exception <a 'java/lang/NoSuchMethodError'{0x000000070f648b40}: 'void java.lang.invoke.DirectMethodHandle$Holder.invokeStatic(java.lang.Object, java.lang.Object, java.lang.Object, java.lang.Object)'> (0x000000070f648b40) 
thrown [src/hotspot/share/interpreter/linkResolver.cpp, line 759]
Event: 1.108 Thread 0x00007fec8b809400 Exception <a 'java/lang/NoSuchMethodError'{0x000000070f711970}: 'java.lang.Object java.lang.invoke.Invokers$Holder.invokeExact_MT(java.lang.Object, java.lang.Object, java.lang.Object, java.lang.Object, java.lang.Object, java.lang.Object)'> (0x000000070f711970) 
thrown [src/hotspot/share/interpreter/linkResolver.cpp, line 759]
Event: 1.114 Thread 0x00007fec8b809400 Exception <a 'java/lang/NoSuchMethodError'{0x000000070f722120}: 'int java.lang.invoke.DirectMethodHandle$Holder.invokeStatic(java.lang.Object, java.lang.Object, java.lang.Object, java.lang.Object, java.lang.Object)'> (0x000000070f722120) 
thrown [src/hotspot/share/interpreter/linkResolver.cpp, line 759]
Event: 1.122 Thread 0x00007fec8b809400 Exception <a 'java/lang/NoSuchMethodError'{0x000000070f792cc0}: 'void java.lang.invoke.DirectMethodHandle$Holder.invokeStaticInit(java.lang.Object)'> (0x000000070f792cc0) 
thrown [src/hotspot/share/interpreter/linkResolver.cpp, line 759]
Event: 1.198 Thread 0x00007fec8b809400 Exception <a 'java/lang/NoSuchMethodError'{0x000000070f3c2208}: 'int java.lang.invoke.DirectMethodHandle$Holder.invokeSpecial(java.lang.Object, java.lang.Object, java.lang.Object, java.lang.Object)'> (0x000000070f3c2208) 
thrown [src/hotspot/share/interpreter/linkResolver.cpp, line 759]
Event: 8.047 Thread 0x00007fec8b809400 Exception <a 'java/lang/reflect/InvocationTargetException'{0x000000070f014930}> (0x000000070f014930) 
thrown [src/hotspot/share/runtime/reflection.cpp, line 1121]

VM Operations (20 events):
Event: 87.902 Executing VM operation: get/set locals
Event: 87.902 Executing VM operation: get/set locals done
Event: 87.903 Executing VM operation: get/set locals
Event: 87.903 Executing VM operation: get/set locals done
Event: 87.903 Executing VM operation: get/set locals
Event: 87.903 Executing VM operation: get/set locals done
Event: 87.904 Executing VM operation: get/set locals
Event: 87.904 Executing VM operation: get/set locals done
Event: 87.904 Executing VM operation: get/set locals
Event: 87.904 Executing VM operation: get/set locals done
Event: 87.904 Executing VM operation: get/set locals
Event: 87.905 Executing VM operation: get/set locals done
Event: 87.905 Executing VM operation: get/set locals
Event: 87.905 Executing VM operation: get/set locals done
Event: 87.905 Executing VM operation: get/set locals
Event: 87.905 Executing VM operation: get/set locals done
Event: 87.906 Executing VM operation: get/set locals
Event: 87.906 Executing VM operation: get/set locals done
Event: 87.906 Executing VM operation: get/set locals
Event: 87.906 Executing VM operation: get/set locals done

Events (20 events):
Event: 1.170 loading class java/lang/ThreadLocal$SuppliedThreadLocal
Event: 1.170 loading class java/lang/ThreadLocal$SuppliedThreadLocal done
Event: 1.170 loading class java/util/stream/Streams$ConcatSpliterator$OfRef
Event: 1.170 loading class java/util/stream/Streams$ConcatSpliterator
Event: 1.170 loading class java/util/stream/Streams$ConcatSpliterator done
Event: 1.170 loading class java/util/stream/Streams$ConcatSpliterator$OfRef done
Event: 1.170 loading class java/util/stream/Streams$2
Event: 1.170 loading class java/util/stream/Streams$2 done
Event: 1.201 loading class sun/nio/ch/FileDispatcherImpl
Event: 1.201 loading class sun/nio/ch/FileDispatcher
Event: 1.201 loading class sun/nio/ch/FileDispatcher done
Event: 1.201 loading class sun/nio/ch/FileDispatcherImpl done
Event: 1.201 loading class sun/nio/ch/IOStatus
Event: 1.201 loading class sun/nio/ch/IOStatus done
Event: 1.202 loading class java/lang/reflect/InvocationTargetException
Event: 1.202 loading class java/lang/reflect/InvocationTargetException done
Event: 1.210 loading class jdk/internal/misc/ScopedMemoryAccess$Scope
Event: 1.211 loading class jdk/internal/misc/ScopedMemoryAccess$Scope done
Event: 1.212 loading class java/util/NoSuchElementException
Event: 1.212 loading class java/util/NoSuchElementException done


Dynamic libraries:
0x000000010b488000 	/Users/petercollins/.p2/pool/plugins/org.eclipse.justj.openjdk.hotspot.jre.full.macosx.x86_64_17.0.4.v20220903-1038/jre/lib/libjli.dylib
0x00007ff8195a7000 	/usr/lib/libz.1.dylib
0x00007ff81968d000 	/usr/lib/libSystem.B.dylib
0x00007ff819688000 	/usr/lib/system/libcache.dylib
0x00007ff819644000 	/usr/lib/system/libcommonCrypto.dylib
0x00007ff81966d000 	/usr/lib/system/libcompiler_rt.dylib
0x00007ff819663000 	/usr/lib/system/libcopyfile.dylib
0x00007ff80e245000 	/usr/lib/system/libcorecrypto.dylib
0x00007ff80e303000 	/usr/lib/system/libdispatch.dylib
0x00007ff80e4c3000 	/usr/lib/system/libdyld.dylib
0x00007ff81967f000 	/usr/lib/system/libkeymgr.dylib
0x00007ff819622000 	/usr/lib/system/libmacho.dylib
0x00007ff818c9b000 	/usr/lib/system/libquarantine.dylib
0x00007ff81967d000 	/usr/lib/system/libremovefile.dylib
0x00007ff813374000 	/usr/lib/system/libsystem_asl.dylib
0x00007ff80e1ee000 	/usr/lib/system/libsystem_blocks.dylib
0x00007ff80e387000 	/usr/lib/system/libsystem_c.dylib
0x00007ff819675000 	/usr/lib/system/libsystem_collections.dylib
0x00007ff817fc6000 	/usr/lib/system/libsystem_configuration.dylib
0x00007ff817272000 	/usr/lib/system/libsystem_containermanager.dylib
0x00007ff819355000 	/usr/lib/system/libsystem_coreservices.dylib
0x00007ff810a1d000 	/usr/lib/system/libsystem_darwin.dylib
0x00007ff819680000 	/usr/lib/system/libsystem_dnssd.dylib
0x00007ff80e384000 	/usr/lib/system/libsystem_featureflags.dylib
0x00007ff80e4d9000 	/usr/lib/system/libsystem_info.dylib
0x00007ff8195ba000 	/usr/lib/system/libsystem_m.dylib
0x00007ff80e2d7000 	/usr/lib/system/libsystem_malloc.dylib
0x00007ff81330f000 	/usr/lib/system/libsystem_networkextension.dylib
0x00007ff810e43000 	/usr/lib/system/libsystem_notify.dylib
0x00007ff81f9a9000 	/usr/lib/system/libsystem_product_info_filter.dylib
0x00007ff817fca000 	/usr/lib/system/libsystem_sandbox.dylib
0x00007ff81967a000 	/usr/lib/system/libsystem_secinit.dylib
0x00007ff80e47f000 	/usr/lib/system/libsystem_kernel.dylib
0x00007ff80e4cf000 	/usr/lib/system/libsystem_platform.dylib
0x00007ff80e4b7000 	/usr/lib/system/libsystem_pthread.dylib
0x00007ff814c2c000 	/usr/lib/system/libsystem_symptoms.dylib
0x00007ff80e22c000 	/usr/lib/system/libsystem_trace.dylib
0x00007ff819650000 	/usr/lib/system/libunwind.dylib
0x00007ff80e1f0000 	/usr/lib/system/libxpc.dylib
0x00007ff80e469000 	/usr/lib/libc++abi.dylib
0x00007ff80e34a000 	/usr/lib/libobjc.A.dylib
0x00007ff81965b000 	/usr/lib/liboah.dylib
0x00007ff80e410000 	/usr/lib/libc++.1.dylib
0x00007ff8257a6000 	/System/Library/Frameworks/Cocoa.framework/Versions/A/Cocoa
0x00007ff810ea1000 	/System/Library/Frameworks/AppKit.framework/Versions/C/AppKit
0x00007ff81440b000 	/System/Library/Frameworks/CoreData.framework/Versions/A/CoreData
0x00007ff80f2ad000 	/System/Library/Frameworks/Foundation.framework/Versions/C/Foundation
0x00007ff811d2f000 	/System/Library/PrivateFrameworks/UIFoundation.framework/Versions/A/UIFoundation
0x00007ff81f6ac000 	/System/Library/PrivateFrameworks/RemoteViewServices.framework/Versions/A/RemoteViewServices
0x00007ff817950000 	/System/Library/PrivateFrameworks/XCTTargetBootstrap.framework/Versions/A/XCTTargetBootstrap
0x00007ff81b552000 	/System/Library/PrivateFrameworks/InternationalSupport.framework/Versions/A/InternationalSupport
0x00007ff81b5dc000 	/System/Library/PrivateFrameworks/UserActivity.framework/Versions/A/UserActivity
0x00007ff81a936000 	/usr/lib/libspindump.dylib
0x00007ff811fbd000 	/System/Library/Frameworks/UniformTypeIdentifiers.framework/Versions/A/UniformTypeIdentifiers
0x00007ff816079000 	/usr/lib/libapp_launch_measurement.dylib
0x00007ff814dec000 	/System/Library/PrivateFrameworks/CoreAnalytics.framework/Versions/A/CoreAnalytics
0x00007ff81607c000 	/System/Library/PrivateFrameworks/CoreAutoLayout.framework/Versions/A/CoreAutoLayout
0x00007ff8172aa000 	/System/Library/Frameworks/Metal.framework/Versions/A/Metal
0x00007ff817fd6000 	/usr/lib/liblangid.dylib
0x00007ff817955000 	/System/Library/PrivateFrameworks/CoreSVG.framework/Versions/A/CoreSVG
0x00007ff8133a4000 	/System/Library/PrivateFrameworks/SkyLight.framework/Versions/A/SkyLight
0x00007ff813742000 	/System/Library/Frameworks/CoreGraphics.framework/Versions/A/CoreGraphics
0x00007ff81fd6c000 	/System/Library/Frameworks/Accelerate.framework/Versions/A/Accelerate
0x00007ff81a3b5000 	/System/Library/PrivateFrameworks/IconServices.framework/Versions/A/IconServices
0x00007ff81728f000 	/System/Library/Frameworks/IOSurface.framework/Versions/A/IOSurface
0x00007ff814e1a000 	/usr/lib/libDiagnosticMessagesClient.dylib
0x00007ff82344f000 	/System/Library/Frameworks/ApplicationServices.framework/Versions/A/ApplicationServices
0x00007ff81793c000 	/System/Library/PrivateFrameworks/DFRFoundation.framework/Versions/A/DFRFoundation
0x00007ff810789000 	/usr/lib/libicucore.A.dylib
0x00007ff81c347000 	/System/Library/Frameworks/AudioToolbox.framework/Versions/A/AudioToolbox
0x00007ff81b55e000 	/System/Library/PrivateFrameworks/DataDetectorsCore.framework/Versions/A/DataDetectorsCore
0x00007ff917530000 	/System/Library/PrivateFrameworks/TextInput.framework/Versions/A/TextInput
0x00007ff813327000 	/usr/lib/libMobileGestalt.dylib
0x00007ff817648000 	/System/Library/Frameworks/Carbon.framework/Versions/A/Frameworks/HIToolbox.framework/Versions/A/HIToolbox
0x00007ff815a7f000 	/System/Library/Frameworks/QuartzCore.framework/Versions/A/QuartzCore
0x00007ff810430000 	/System/Library/Frameworks/Security.framework/Versions/A/Security
0x00007ff81f6e4000 	/System/Library/Frameworks/Carbon.framework/Versions/A/Frameworks/SpeechRecognition.framework/Versions/A/SpeechRecognition
0x00007ff815dd9000 	/System/Library/PrivateFrameworks/CoreUI.framework/Versions/A/CoreUI
0x00007ff80fcfc000 	/System/Library/Frameworks/CoreAudio.framework/Versions/A/CoreAudio
0x00007ff814f09000 	/System/Library/Frameworks/DiskArbitration.framework/Versions/A/DiskArbitration
0x00007ff81ad22000 	/System/Library/PrivateFrameworks/MultitouchSupport.framework/Versions/A/MultitouchSupport
0x00007ff813326000 	/usr/lib/libenergytrace.dylib
0x00007ff810d8d000 	/System/Library/Frameworks/IOKit.framework/Versions/A/IOKit
0x00007ff81fad4000 	/System/Library/Frameworks/CoreServices.framework/Versions/A/CoreServices
0x00007ff816013000 	/System/Library/PrivateFrameworks/PerformanceAnalysis.framework/Versions/A/PerformanceAnalysis
0x00007ffa2693c000 	/System/Library/Frameworks/OpenGL.framework/Versions/A/OpenGL
0x00007ff818bc1000 	/System/Library/PrivateFrameworks/MobileKeyBag.framework/Versions/A/MobileKeyBag
0x00007ff813e6c000 	/System/Library/Frameworks/ColorSync.framework/Versions/A/ColorSync
0x00007ff80e504000 	/System/Library/Frameworks/CoreFoundation.framework/Versions/A/CoreFoundation
0x00007ff817bcc000 	/System/Library/Frameworks/CoreImage.framework/Versions/A/CoreImage
0x00007ff80fb14000 	/System/Library/Frameworks/CoreText.framework/Versions/A/CoreText
0x00007ff817985000 	/System/Library/Frameworks/ImageIO.framework/Versions/A/ImageIO
0x00007ff819693000 	/System/Library/PrivateFrameworks/SoftLinking.framework/Versions/A/SoftLinking
0x00007ff8160c4000 	/usr/lib/libxml2.2.dylib
0x00007ff819914000 	/usr/lib/libcompression.dylib
0x00007ff81b485000 	/System/Library/PrivateFrameworks/TextureIO.framework/Versions/A/TextureIO
0x00007ff81a02e000 	/usr/lib/libate.dylib
0x00007ff819dec000 	/usr/lib/liblzma.5.dylib
0x00007ff80efc0000 	/System/Library/Frameworks/SystemConfiguration.framework/Versions/A/SystemConfiguration
0x00007ff81968f000 	/usr/lib/libfakelink.dylib
0x00007ff812e80000 	/System/Library/Frameworks/CFNetwork.framework/Versions/A/CFNetwork
0x00007ff8197d0000 	/usr/lib/libarchive.2.dylib
0x00007ff817fd2000 	/System/Library/PrivateFrameworks/AppleSystemInfo.framework/Versions/A/AppleSystemInfo
0x00007ff818cc2000 	/usr/lib/libbsm.0.dylib
0x00007ff812493000 	/usr/lib/libnetwork.dylib
0x00007ff819628000 	/usr/lib/system/libkxld.dylib
0x00007ff8188ee000 	/System/Library/PrivateFrameworks/IOMobileFramebuffer.framework/Versions/A/IOMobileFramebuffer
0x00007ffb26025000 	/usr/lib/libCoreEntitlements.dylib
0x00007ff819337000 	/System/Library/PrivateFrameworks/AppleFSCompression.framework/Versions/A/AppleFSCompression
0x00007ff818caa000 	/usr/lib/libcoretls.dylib
0x00007ff819e06000 	/usr/lib/libcoretls_cfhelpers.dylib
0x00007ff81990f000 	/usr/lib/libpam.2.dylib
0x00007ff81484f000 	/usr/lib/libsqlite3.dylib
0x00007ff819e75000 	/usr/lib/libxar.1.dylib
0x00007ff819347000 	/usr/lib/libbz2.1.0.dylib
0x00007ff819694000 	/usr/lib/libpcap.A.dylib
0x00007ff814c24000 	/usr/lib/libdns_services.dylib
0x00007ff8198e2000 	/usr/lib/libapple_nghttp2.dylib
0x00007ff8196ce000 	/usr/lib/libiconv.2.dylib
0x00007ff819621000 	/usr/lib/libcharset.1.dylib
0x00007ff816047000 	/System/Library/Frameworks/CoreServices.framework/Versions/A/Frameworks/FSEvents.framework/Versions/A/FSEvents
0x00007ff810a27000 	/System/Library/Frameworks/CoreServices.framework/Versions/A/Frameworks/CarbonCore.framework/Versions/A/CarbonCore
0x00007ff814e6d000 	/System/Library/Frameworks/CoreServices.framework/Versions/A/Frameworks/Metadata.framework/Versions/A/Metadata
0x00007ff81935a000 	/System/Library/Frameworks/CoreServices.framework/Versions/A/Frameworks/OSServices.framework/Versions/A/OSServices
0x00007ff819857000 	/System/Library/Frameworks/CoreServices.framework/Versions/A/Frameworks/SearchKit.framework/Versions/A/SearchKit
0x00007ff814bb7000 	/System/Library/Frameworks/CoreServices.framework/Versions/A/Frameworks/AE.framework/Versions/A/AE
0x00007ff80ea05000 	/System/Library/Frameworks/CoreServices.framework/Versions/A/Frameworks/LaunchServices.framework/Versions/A/LaunchServices
0x00007ff819d9d000 	/System/Library/Frameworks/CoreServices.framework/Versions/A/Frameworks/DictionaryServices.framework/Versions/A/DictionaryServices
0x00007ff816054000 	/System/Library/Frameworks/CoreServices.framework/Versions/A/Frameworks/SharedFileList.framework/Versions/A/SharedFileList
0x00007ff818c9e000 	/usr/lib/libCheckFix.dylib
0x00007ff81338b000 	/System/Library/PrivateFrameworks/TCC.framework/Versions/A/TCC
0x00007ff817fd8000 	/System/Library/PrivateFrameworks/CoreNLP.framework/Versions/A/CoreNLP
0x00007ff814e1d000 	/System/Library/PrivateFrameworks/MetadataUtilities.framework/Versions/A/MetadataUtilities
0x00007ff80f070000 	/usr/lib/libmecabra.dylib
0x00007ff818cd2000 	/usr/lib/libmecab.dylib
0x00007ff80f03b000 	/usr/lib/libCRFSuite.dylib
0x00007ff818d2c000 	/usr/lib/libgermantok.dylib
0x00007ff8198bd000 	/usr/lib/libThaiTokenizer.dylib
0x00007ff814f10000 	/System/Library/Frameworks/Accelerate.framework/Versions/A/Frameworks/vImage.framework/Versions/A/vImage
0x00007ff81faab000 	/System/Library/Frameworks/Accelerate.framework/Versions/A/Frameworks/vecLib.framework/Versions/A/vecLib
0x00007ff819eb6000 	/System/Library/Frameworks/Accelerate.framework/Versions/A/Frameworks/vecLib.framework/Versions/A/libvMisc.dylib
0x00007ff8186ed000 	/System/Library/Frameworks/Accelerate.framework/Versions/A/Frameworks/vecLib.framework/Versions/A/libvDSP.dylib
0x00007ff80ed7f000 	/System/Library/Frameworks/Accelerate.framework/Versions/A/Frameworks/vecLib.framework/Versions/A/libBLAS.dylib
0x00007ff8199f2000 	/System/Library/Frameworks/Accelerate.framework/Versions/A/Frameworks/vecLib.framework/Versions/A/libLAPACK.dylib
0x00007ff818d2f000 	/System/Library/Frameworks/Accelerate.framework/Versions/A/Frameworks/vecLib.framework/Versions/A/libLinearAlgebra.dylib
0x00007ff8198fa000 	/System/Library/Frameworks/Accelerate.framework/Versions/A/Frameworks/vecLib.framework/Versions/A/libSparseBLAS.dylib
0x00007ff8199ec000 	/System/Library/Frameworks/Accelerate.framework/Versions/A/Frameworks/vecLib.framework/Versions/A/libQuadrature.dylib
0x00007ff8180c3000 	/System/Library/Frameworks/Accelerate.framework/Versions/A/Frameworks/vecLib.framework/Versions/A/libBNNS.dylib
0x00007ff80ef51000 	/System/Library/Frameworks/Accelerate.framework/Versions/A/Frameworks/vecLib.framework/Versions/A/libSparse.dylib
0x00007ff8180bc000 	/System/Library/PrivateFrameworks/LinguisticData.framework/Versions/A/LinguisticData
0x00007ff80ef07000 	/System/Library/PrivateFrameworks/Lexicon.framework/Versions/A/Lexicon
0x00007ff819eaf000 	/usr/lib/libChineseTokenizer.dylib
0x00007ff80f669000 	/System/Library/PrivateFrameworks/LanguageModeling.framework/Versions/A/LanguageModeling
0x00007ff8198bf000 	/System/Library/PrivateFrameworks/AppleSauce.framework/Versions/A/AppleSauce
0x00007ff8188dc000 	/System/Library/PrivateFrameworks/CoreEmoji.framework/Versions/A/CoreEmoji
0x00007ff8197bf000 	/usr/lib/libcmph.dylib
0x00007ff81602b000 	/System/Library/Frameworks/OpenDirectory.framework/Versions/A/Frameworks/CFOpenDirectory.framework/Versions/A/CFOpenDirectory
0x00007ff81601f000 	/System/Library/Frameworks/OpenDirectory.framework/Versions/A/OpenDirectory
0x00007ff819e08000 	/System/Library/PrivateFrameworks/APFS.framework/Versions/A/APFS
0x00007ff818bf9000 	/System/Library/Frameworks/SecurityFoundation.framework/Versions/A/SecurityFoundation
0x00007ff819e83000 	/usr/lib/libutil.dylib
0x00007ff810d51000 	/System/Library/PrivateFrameworks/CoreServicesStore.framework/Versions/A/CoreServicesStore
0x00007ff819e87000 	/usr/lib/libxslt.1.dylib
0x00007ff818c86000 	/System/Library/PrivateFrameworks/BackgroundTaskManagement.framework/Versions/A/BackgroundTaskManagement
0x00007ff81b3a6000 	/System/Library/Frameworks/ImageIO.framework/Versions/A/Resources/libRadiance.dylib
0x00007ff81b3af000 	/System/Library/Frameworks/ImageIO.framework/Versions/A/Resources/libJPEG.dylib
0x00007ff81b301000 	/System/Library/Frameworks/ImageIO.framework/Versions/A/Resources/libPng.dylib
0x00007ff81b322000 	/System/Library/Frameworks/ImageIO.framework/Versions/A/Resources/libTIFF.dylib
0x00007ff81b40e000 	/System/Library/Frameworks/ImageIO.framework/Versions/A/Resources/libGIF.dylib
0x00007ff81ac3e000 	/System/Library/Frameworks/ImageIO.framework/Versions/A/Resources/libJP2.dylib
0x00007ff81a37c000 	/usr/lib/libexpat.1.dylib
0x00007ff81abf3000 	/System/Library/PrivateFrameworks/AppleJPEG.framework/Versions/A/AppleJPEG
0x00007ff81750c000 	/System/Library/PrivateFrameworks/FontServices.framework/libFontParser.dylib
0x00007ff814b61000 	/System/Library/PrivateFrameworks/RunningBoardServices.framework/Versions/A/RunningBoardServices
0x00007ff825d5e000 	/System/Library/PrivateFrameworks/IOSurfaceAccelerator.framework/Versions/A/IOSurfaceAccelerator
0x00007ff81ad1e000 	/System/Library/PrivateFrameworks/WatchdogClient.framework/Versions/A/WatchdogClient
0x00007ff80f757000 	/System/Library/Frameworks/CoreDisplay.framework/Versions/A/CoreDisplay
0x00007ff81740a000 	/System/Library/Frameworks/CoreMedia.framework/Versions/A/CoreMedia
0x00007ff8172a1000 	/System/Library/PrivateFrameworks/IOAccelerator.framework/Versions/A/IOAccelerator
0x00007ff8161a8000 	/System/Library/Frameworks/CoreVideo.framework/Versions/A/CoreVideo
0x00007ff81990d000 	/System/Library/Frameworks/MetalPerformanceShaders.framework/Versions/A/MetalPerformanceShaders
0x00007ff81ad5b000 	/System/Library/Frameworks/VideoToolbox.framework/Versions/A/VideoToolbox
0x00007ff814aab000 	/System/Library/PrivateFrameworks/BaseBoard.framework/Versions/A/BaseBoard
0x00007ff814835000 	/System/Library/PrivateFrameworks/ProtocolBuffer.framework/Versions/A/ProtocolBuffer
0x00007ff81b39f000 	/System/Library/PrivateFrameworks/GPUWrangler.framework/Versions/A/GPUWrangler
0x00007ff81b383000 	/System/Library/PrivateFrameworks/IOPresentment.framework/Versions/A/IOPresentment
0x00007ff81b3a9000 	/System/Library/PrivateFrameworks/DSExternalDisplay.framework/Versions/A/DSExternalDisplay
0x00007ffa26930000 	/System/Library/Frameworks/OpenGL.framework/Versions/A/Libraries/libCoreFSCache.dylib
0x00007ffb137ce000 	/System/Library/PrivateFrameworks/GPUCompiler.framework/Versions/31001/Libraries/libGPUCompilerUtils.dylib
0x00007ff81b413000 	/System/Library/PrivateFrameworks/CMCaptureCore.framework/Versions/A/CMCaptureCore
0x00007ff81a924000 	/System/Library/PrivateFrameworks/AppServerSupport.framework/Versions/A/AppServerSupport
0x00007ff81cbdf000 	/System/Library/PrivateFrameworks/perfdata.framework/Versions/A/perfdata
0x00007ff80f883000 	/System/Library/PrivateFrameworks/AudioToolboxCore.framework/Versions/A/AudioToolboxCore
0x00007ff8173e8000 	/System/Library/PrivateFrameworks/caulk.framework/Versions/A/caulk
0x00007ff81c4f1000 	/usr/lib/libAudioStatistics.dylib
0x00007ff913cde000 	/System/Library/PrivateFrameworks/SystemPolicy.framework/Versions/A/SystemPolicy
0x00007ff81c74c000 	/usr/lib/libSMC.dylib
0x00007ff825659000 	/System/Library/Frameworks/CoreMIDI.framework/Versions/A/CoreMIDI
0x00007ff81b2d0000 	/usr/lib/libAudioToolboxUtility.dylib
0x00007ff90ff81000 	/System/Library/PrivateFrameworks/OSAServicesClient.framework/Versions/A/OSAServicesClient
0x00007ff81cbec000 	/usr/lib/libperfcheck.dylib
0x00007ff914788000 	/usr/lib/libmis.dylib
0x00007ffa2698b000 	/System/Library/Frameworks/OpenGL.framework/Versions/A/Libraries/libGLU.dylib
0x00007ffa2694f000 	/System/Library/Frameworks/OpenGL.framework/Versions/A/Libraries/libGFXShared.dylib
0x00007ffa26b58000 	/System/Library/Frameworks/OpenGL.framework/Versions/A/Libraries/libGL.dylib
0x00007ffa26958000 	/System/Library/Frameworks/OpenGL.framework/Versions/A/Libraries/libGLImage.dylib
0x00007ffa2694c000 	/System/Library/Frameworks/OpenGL.framework/Versions/A/Libraries/libCVMSPluginSupport.dylib
0x00007ffa26937000 	/System/Library/Frameworks/OpenGL.framework/Versions/A/Libraries/libCoreVMClient.dylib
0x00007ff817f54000 	/System/Library/Frameworks/MetalPerformanceShaders.framework/Versions/A/Frameworks/MPSCore.framework/Versions/A/MPSCore
0x00007ff8192a2000 	/System/Library/Frameworks/MetalPerformanceShaders.framework/Versions/A/Frameworks/MPSImage.framework/Versions/A/MPSImage
0x00007ff818d45000 	/System/Library/Frameworks/MetalPerformanceShaders.framework/Versions/A/Frameworks/MPSNeuralNetwork.framework/Versions/A/MPSNeuralNetwork
0x00007ff8191b9000 	/System/Library/Frameworks/MetalPerformanceShaders.framework/Versions/A/Frameworks/MPSMatrix.framework/Versions/A/MPSMatrix
0x00007ff818f74000 	/System/Library/Frameworks/MetalPerformanceShaders.framework/Versions/A/Frameworks/MPSRayIntersector.framework/Versions/A/MPSRayIntersector
0x00007ff8191f1000 	/System/Library/Frameworks/MetalPerformanceShaders.framework/Versions/A/Frameworks/MPSNDArray.framework/Versions/A/MPSNDArray
0x00007ffa2b8b8000 	/System/Library/Frameworks/MetalPerformanceShaders.framework/Versions/A/Frameworks/MPSFunctions.framework/Versions/A/MPSFunctions
0x00007ff80ec5c000 	/System/Library/PrivateFrameworks/MetalTools.framework/Versions/A/MetalTools
0x00007ff817fd0000 	/System/Library/PrivateFrameworks/AggregateDictionary.framework/Versions/A/AggregateDictionary
0x00007ff81a15e000 	/usr/lib/libIOReport.dylib
0x00007ffa27f67000 	/System/Library/Frameworks/OpenCL.framework/Versions/A/OpenCL
0x00007ff81a4c2000 	/System/Library/PrivateFrameworks/FaceCore.framework/Versions/A/FaceCore
0x00007ff81a4b3000 	/System/Library/PrivateFrameworks/GraphVisualizer.framework/Versions/A/GraphVisualizer
0x00007ffb136d9000 	/System/Library/PrivateFrameworks/FontServices.framework/Versions/A/FontServices
0x00007ff81a8dc000 	/System/Library/PrivateFrameworks/OTSVG.framework/Versions/A/OTSVG
0x00007ff815d8f000 	/System/Library/Frameworks/ApplicationServices.framework/Versions/A/Frameworks/ATS.framework/Versions/A/Resources/libFontRegistry.dylib
0x00007ff81a92c000 	/System/Library/PrivateFrameworks/FontServices.framework/libhvf.dylib
0x00007ffb136da000 	/System/Library/PrivateFrameworks/FontServices.framework/libXTFontStaticRegistryData.dylib
0x00007ff81a32c000 	/System/Library/PrivateFrameworks/AppleVA.framework/Versions/A/AppleVA
0x00007ff81c511000 	/System/Library/Frameworks/ApplicationServices.framework/Versions/A/Frameworks/ATS.framework/Versions/A/ATS
0x00007ff813f68000 	/System/Library/Frameworks/ApplicationServices.framework/Versions/A/Frameworks/HIServices.framework/Versions/A/HIServices
0x00007ff81b41d000 	/System/Library/Frameworks/ApplicationServices.framework/Versions/A/Frameworks/PrintCore.framework/Versions/A/PrintCore
0x00007ff81c89f000 	/System/Library/Frameworks/ApplicationServices.framework/Versions/A/Frameworks/QD.framework/Versions/A/QD
0x00007ff81c897000 	/System/Library/Frameworks/ApplicationServices.framework/Versions/A/Frameworks/ColorSyncLegacy.framework/Versions/A/ColorSyncLegacy
0x00007ff81c501000 	/System/Library/Frameworks/ApplicationServices.framework/Versions/A/Frameworks/SpeechSynthesis.framework/Versions/A/SpeechSynthesis
0x00007ff81b3de000 	/System/Library/Frameworks/ApplicationServices.framework/Versions/A/Frameworks/ATSUI.framework/Versions/A/ATSUI
0x00007ff81c82c000 	/usr/lib/libcups.2.dylib
0x00007ff81cbfb000 	/System/Library/Frameworks/Kerberos.framework/Versions/A/Kerberos
0x00007ff81cc0a000 	/System/Library/Frameworks/GSS.framework/Versions/A/GSS
0x00007ff81c57d000 	/usr/lib/libresolv.9.dylib
0x00007ff81a93b000 	/System/Library/PrivateFrameworks/Heimdal.framework/Versions/A/Heimdal
0x00007ff8237d7000 	/System/Library/Frameworks/Kerberos.framework/Versions/A/Libraries/libHeimdalProxy.dylib
0x00007ff814c34000 	/System/Library/Frameworks/Network.framework/Versions/A/Network
0x00007ff81a396000 	/usr/lib/libheimdal-asn1.dylib
0x00007ff81cc55000 	/System/Library/PrivateFrameworks/CommonAuth.framework/Versions/A/CommonAuth
0x00007ff81c483000 	/System/Library/PrivateFrameworks/AudioSession.framework/Versions/A/AudioSession
0x00007ff81a426000 	/System/Library/PrivateFrameworks/MediaExperience.framework/Versions/A/MediaExperience
0x00007ff81c316000 	/System/Library/PrivateFrameworks/AudioSession.framework/libSessionUtility.dylib
0x00007ff81c8ab000 	/System/Library/PrivateFrameworks/AudioResourceArbitration.framework/Versions/A/AudioResourceArbitration
0x00007ff82091e000 	/System/Library/PrivateFrameworks/PowerLog.framework/Versions/A/PowerLog
0x00007ff81a39f000 	/System/Library/PrivateFrameworks/IconFoundation.framework/Versions/A/IconFoundation
0x00007ff81f6d4000 	/System/Library/PrivateFrameworks/SpeechRecognitionCore.framework/Versions/A/SpeechRecognitionCore
0x000000010c61e000 	/Users/petercollins/.p2/pool/plugins/org.eclipse.justj.openjdk.hotspot.jre.full.macosx.x86_64_17.0.4.v20220903-1038/jre/lib/server/libjvm.dylib
0x000000010b529000 	/Users/petercollins/.p2/pool/plugins/org.eclipse.justj.openjdk.hotspot.jre.full.macosx.x86_64_17.0.4.v20220903-1038/jre/lib/libjimage.dylib
0x000000010b586000 	/Users/petercollins/.p2/pool/plugins/org.eclipse.justj.openjdk.hotspot.jre.full.macosx.x86_64_17.0.4.v20220903-1038/jre/lib/libjdwp.dylib
0x000000010b632000 	/Users/petercollins/.p2/pool/plugins/org.eclipse.justj.openjdk.hotspot.jre.full.macosx.x86_64_17.0.4.v20220903-1038/jre/lib/libjava.dylib
0x000000010b544000 	/Users/petercollins/.p2/pool/plugins/org.eclipse.justj.openjdk.hotspot.jre.full.macosx.x86_64_17.0.4.v20220903-1038/jre/lib/libinstrument.dylib
0x000000010c15c000 	/Users/petercollins/.p2/pool/plugins/org.eclipse.justj.openjdk.hotspot.jre.full.macosx.x86_64_17.0.4.v20220903-1038/jre/lib/libzip.dylib
0x000000010c347000 	/Users/petercollins/.p2/pool/plugins/org.eclipse.justj.openjdk.hotspot.jre.full.macosx.x86_64_17.0.4.v20220903-1038/jre/lib/libdt_socket.dylib
0x000000010c376000 	/Users/petercollins/.p2/pool/plugins/org.eclipse.justj.openjdk.hotspot.jre.full.macosx.x86_64_17.0.4.v20220903-1038/jre/lib/libnio.dylib
0x000000010c3a8000 	/Users/petercollins/.p2/pool/plugins/org.eclipse.justj.openjdk.hotspot.jre.full.macosx.x86_64_17.0.4.v20220903-1038/jre/lib/libnet.dylib
0x000000010c471000 	/Users/petercollins/.p2/pool/plugins/org.eclipse.justj.openjdk.hotspot.jre.full.macosx.x86_64_17.0.4.v20220903-1038/jre/lib/libverify.dylib
0x000000010c53b000 	/Users/petercollins/.p2/pool/plugins/org.eclipse.justj.openjdk.hotspot.jre.full.macosx.x86_64_17.0.4.v20220903-1038/jre/lib/libextnet.dylib


VM Arguments:
jvm_args: -XX:+ShowCodeDetailsInExceptionMessages -agentlib:jdwp=transport=dt_socket,suspend=y,address=localhost:61248 -ea -javaagent:/Users/petercollins/java-2022-09/Eclipse.app/Contents/Eclipse/configuration/org.eclipse.osgi/220/0/.cp/lib/javaagent-shaded.jar -Dfile.encoding=UTF-8 
java_command: org.eclipse.jdt.internal.junit.runner.RemoteTestRunner -version 3 -port 61247 -testLoaderClass org.eclipse.jdt.internal.junit5.runner.JUnit5TestLoader -loaderpluginname org.eclipse.jdt.junit5.runtime -classNames edu.iastate.cs228.hw3.Tests
java_class_path (initial): /Users/petercollins/.p2/pool/plugins/junit-jupiter-api_5.9.0.jar:/Users/petercollins/.p2/pool/plugins/junit-jupiter-engine_5.9.0.jar:/Users/petercollins/.p2/pool/plugins/junit-jupiter-migrationsupport_5.9.0.jar:/Users/petercollins/.p2/pool/plugins/junit-jupiter-params_5.9.0.jar:/Users/petercollins/.p2/pool/plugins/junit-platform-commons_1.9.0.jar:/Users/petercollins/.p2/pool/plugins/junit-platform-engine_1.9.0.jar:/Users/petercollins/.p2/pool/plugins/junit-platform-launcher_1.9.0.jar:/Users/petercollins/.p2/pool/plugins/junit-platform-runner_1.9.0.jar:/Users/petercollins/.p2/pool/plugins/junit-platform-suite-api_1.9.0.jar:/Users/petercollins/.p2/pool/plugins/junit-platform-suite-engine_1.9.0.jar:/Users/petercollins/.p2/pool/plugins/junit-platform-suite-commons_1.9.0.jar:/Users/petercollins/.p2/pool/plugins/junit-vintage-engine_5.9.0.jar:/Users/petercollins/.p2/pool/plugins/org.opentest4j_1.2.0.jar:/Users/petercollins/.p2/pool/plugins/org.apiguardian.api_1.1.2.jar:/Users/petercollins/.p2/pool/plugins/org.junit_4.13.2.v20211018-1956.jar:/Users/petercollins/.p2/pool/plugins/org.hamcrest.core_1.3.0.v20180420-1519.jar:/Users/petercollins/eclipse-workspace/228 hw3/bin:/Users/petercollins/java-2022-09/Eclipse.app/Contents/Eclipse/configuration/org.eclipse.osgi/219/0/.cp:/Users/petercollins/java-2022-09/Eclipse.app/Contents/Eclipse/configuration/org.eclipse.osgi/217/0/.cp
Launcher Type: SUN_STANDARD

[Global flags]
     intx CICompilerCount                          = 4                                         {product} {ergonomic}
     uint ConcGCThreads                            = 2                                         {product} {ergonomic}
     uint G1ConcRefinementThreads                  = 9                                         {product} {ergonomic}
   size_t G1HeapRegionSize                         = 2097152                                   {product} {ergonomic}
    uintx GCDrainStackTargetSize                   = 64                                        {product} {ergonomic}
   size_t InitialHeapSize                          = 268435456                                 {product} {ergonomic}
   size_t MarkStackSize                            = 4194304                                   {product} {ergonomic}
   size_t MaxHeapSize                              = 4294967296                                {product} {ergonomic}
   size_t MaxNewSize                               = 2575302656                                {product} {ergonomic}
   size_t MinHeapDeltaBytes                        = 2097152                                   {product} {ergonomic}
   size_t MinHeapSize                              = 8388608                                   {product} {ergonomic}
    uintx NonNMethodCodeHeapSize                   = 5839372                                {pd product} {ergonomic}
    uintx NonProfiledCodeHeapSize                  = 122909434                              {pd product} {ergonomic}
    uintx ProfiledCodeHeapSize                     = 122909434                              {pd product} {ergonomic}
    uintx ReservedCodeCacheSize                    = 251658240                              {pd product} {ergonomic}
     bool SegmentedCodeCache                       = true                                      {product} {ergonomic}
     bool ShowCodeDetailsInExceptionMessages       = true                                   {manageable} {command line}
   size_t SoftMaxHeapSize                          = 4294967296                             {manageable} {ergonomic}
     bool UseCompressedClassPointers               = true                           {product lp64_product} {ergonomic}
     bool UseCompressedOops                        = true                           {product lp64_product} {ergonomic}
     bool UseG1GC                                  = true                                      {product} {ergonomic}
     bool UseNUMA                                  = false                                     {product} {ergonomic}
     bool UseNUMAInterleaving                      = false                                     {product} {ergonomic}

Logging:
Log output configuration:
 #0: stdout all=warning uptime,level,tags
 #1: stderr all=off uptime,level,tags

Environment Variables:
PATH=/usr/bin:/bin:/usr/sbin:/sbin
SHELL=/bin/zsh
TMPDIR=/var/folders/9k/j0qccsls6md5vw_qnn02vcqm0000gn/T/

Signal Handlers:
   SIGSEGV: _ZL13crash_handleriP9__siginfoPv in libjvm.dylib, mask=11100110100111111111111111111111, flags=SA_RESTART|SA_SIGINFO
    SIGBUS: _ZL13crash_handleriP9__siginfoPv in libjvm.dylib, mask=11100110100111111111111111111111, flags=SA_RESTART|SA_SIGINFO
    SIGFPE: _ZL13crash_handleriP9__siginfoPv in libjvm.dylib, mask=11100110100111111111111111111111, flags=SA_RESTART|SA_SIGINFO
   SIGPIPE: _ZL17javaSignalHandleriP9__siginfoPv in libjvm.dylib, mask=11100110100111111111111111111111, flags=SA_RESTART|SA_SIGINFO
   SIGXFSZ: _ZL17javaSignalHandleriP9__siginfoPv in libjvm.dylib, mask=11100110100111111111111111111111, flags=SA_RESTART|SA_SIGINFO
    SIGILL: _ZL13crash_handleriP9__siginfoPv in libjvm.dylib, mask=11100110100111111111111111111111, flags=SA_RESTART|SA_SIGINFO
   SIGUSR2: _ZL10SR_handleriP9__siginfoP17__darwin_ucontext in libjvm.dylib, mask=00100000000000000000000000000000, flags=SA_RESTART|SA_SIGINFO
    SIGHUP: _ZL11UserHandleriPvS_ in libjvm.dylib, mask=11100110100111111111111111111111, flags=SA_RESTART|SA_SIGINFO
    SIGINT: _ZL11UserHandleriPvS_ in libjvm.dylib, mask=11100110100111111111111111111111, flags=SA_RESTART|SA_SIGINFO
   SIGTERM: _ZL11UserHandleriPvS_ in libjvm.dylib, mask=11100110100111111111111111111111, flags=SA_RESTART|SA_SIGINFO
   SIGQUIT: _ZL11UserHandleriPvS_ in libjvm.dylib, mask=11100110100111111111111111111111, flags=SA_RESTART|SA_SIGINFO
  *** Handler was modified!
  *** Expected: _ZL17javaSignalHandleriP9__siginfoPv in libjvm.dylib, mask=11100110100111111111111111111111, flags=SA_RESTART|SA_SIGINFO
   SIGTRAP: _ZL13crash_handleriP9__siginfoPv in libjvm.dylib, mask=11100110100111111111111111111111, flags=SA_RESTART|SA_SIGINFO


---------------  S Y S T E M  ---------------

OS:
uname: Darwin 21.4.0 Darwin Kernel Version 21.4.0: Mon Feb 21 20:35:58 PST 2022; root:xnu-8020.101.4~2/RELEASE_ARM64_T6000 x86_64
OS uptime: 208 days 0:04 hours
rlimit (soft/hard): STACK 8176k/65520k , CORE 0k/infinity , NPROC 2666/4000 , NOFILE 10240/infinity , AS infinity/infinity , CPU infinity/infinity , DATA infinity/infinity , FSIZE infinity/infinity , MEMLOCK infinity/infinity , RSS infinity/infinity
load average: 1.73 1.57 1.50

CPU: (EMULATED) total 10 (initial active 10) (1 cores per cpu, 1 threads per core) family 6 model 44 stepping 0 microcode 0x0, cx8, cmov, fxsr, mmx, sse, sse2, sse3, ssse3, sse4.1, sse4.2, popcnt, tsc, tscinvbit, aes, clmul, clflush

Memory: 4k page, physical 16777216k(16984k free), swap 2097152k(705792k free)

vm_info: OpenJDK 64-Bit Server VM (17.0.4.1+1) for bsd-amd64 JRE (17.0.4.1+1), built on Aug 17 2022 13:35:43 by "temurin" with clang 4.2.1 Compatible Apple LLVM 10.0.1 (clang-1001.0.46.4)

END.
